0 verbose cli C:\Program Files\nodejs\node.exe C:\Users\Shobhit Kumar\AppData\Roaming\npm\node_modules\npm\bin\npm-cli.js
1 info using npm@11.6.0
2 info using node@v23.8.0
3 silly config load:file:C:\Users\Shobhit Kumar\AppData\Roaming\npm\node_modules\npm\npmrc
4 silly config load:file:C:\company\defernce app\frontend\.npmrc
5 silly config load:file:C:\Users\Shobhit Kumar\.npmrc
6 silly config load:file:C:\Users\Shobhit Kumar\AppData\Roaming\npm\etc\npmrc
7 verbose title npm exec expo-doctor
8 verbose argv "exec" "--" "expo-doctor"
9 verbose logfile logs-max:10 dir:C:\company\defernce app\.npm-cache\_logs\2026-03-28T07_21_25_772Z-
10 verbose logfile C:\company\defernce app\.npm-cache\_logs\2026-03-28T07_21_25_772Z-debug-0.log
11 silly logfile start cleaning logs, removing 1 files
12 silly logfile done cleaning log files
13 silly packumentCache heap:4345298944 maxSize:1086324736 maxEntrySize:543162368
14 http fetch GET 200 https://registry.npmjs.org/expo-doctor 1220ms (cache revalidated)
15 silly packumentCache heap:4345298944 maxSize:1086324736 maxEntrySize:543162368
16 silly packumentCache heap:4345298944 maxSize:1086324736 maxEntrySize:543162368
17 verbose cwd C:\company\defernce app\frontend
18 verbose os Windows_NT 10.0.26200
19 verbose node v23.8.0
20 verbose npm  v11.6.0
21 verbose exit 0
22 info ok
