0 verbose cli C:\Program Files\nodejs\node.exe C:\Users\Shobhit Kumar\AppData\Roaming\npm\node_modules\npm\bin\npm-cli.js
1 info using npm@11.6.0
2 info using node@v23.8.0
3 silly config load:file:C:\Users\Shobhit Kumar\AppData\Roaming\npm\node_modules\npm\npmrc
4 silly config load:file:C:\Users\SHOBHI~1\AppData\Local\Temp\.create-expo-app\template-cache\.npmrc
5 silly config load:file:C:\Users\Shobhit Kumar\.npmrc
6 silly config load:file:C:\Users\Shobhit Kumar\AppData\Roaming\npm\etc\npmrc
7 verbose title npm pack expo-template-blank@latest
8 verbose argv "pack" "expo-template-blank@latest" "--dry-run" "--json"
9 verbose logfile logs-max:10 dir:C:\company\defernce app\.npm-cache\_logs\2026-03-28T07_04_13_333Z-
10 verbose logfile C:\company\defernce app\.npm-cache\_logs\2026-03-28T07_04_13_333Z-debug-0.log
11 silly logfile start cleaning logs, removing 1 files
12 silly logfile done cleaning log files
13 http fetch GET 200 https://registry.npmjs.org/expo-template-blank 819ms (cache revalidated)
14 http cache https://registry.npmjs.org/expo-template-blank 10ms (cache hit)
15 http cache https://registry.npmjs.org/expo-template-blank/-/expo-template-blank-55.1.17-canary-20260327-0789fbc.tgz 0ms (cache hit)
16 verbose cwd C:\Users\SHOBHI~1\AppData\Local\Temp\.create-expo-app\template-cache
17 verbose os Windows_NT 10.0.26200
18 verbose node v23.8.0
19 verbose npm  v11.6.0
20 verbose exit 0
21 info ok
