0 verbose cli C:\Program Files\nodejs\node.exe C:\Users\Shobhit Kumar\AppData\Roaming\npm\node_modules\npm\bin\npm-cli.js
1 info using npm@11.6.0
2 info using node@v23.8.0
3 silly config load:file:C:\Users\Shobhit Kumar\AppData\Roaming\npm\node_modules\npm\npmrc
4 silly config load:file:C:\company\defernce app\frontend\.npmrc
5 silly config load:file:C:\Users\Shobhit Kumar\.npmrc
6 silly config load:file:C:\Users\Shobhit Kumar\AppData\Roaming\npm\etc\npmrc
7 verbose title npm explain react-native-unimodules
8 verbose argv "explain" "react-native-unimodules" "--json"
9 verbose logfile logs-max:10 dir:C:\company\defernce app\.npm-cache\_logs\2026-03-28T07_21_29_304Z-
10 verbose logfile C:\company\defernce app\.npm-cache\_logs\2026-03-28T07_21_29_304Z-debug-0.log
11 silly logfile start cleaning logs, removing 3 files
12 silly packumentCache heap:4345298944 maxSize:1086324736 maxEntrySize:543162368
13 silly logfile done cleaning log files
14 verbose stack Error: No dependencies found matching react-native-unimodules
14 verbose stack     at Explain.exec (C:\Users\Shobhit Kumar\AppData\Roaming\npm\node_modules\npm\lib\commands\explain.js:58:13)
14 verbose stack     at async Npm.exec (C:\Users\Shobhit Kumar\AppData\Roaming\npm\node_modules\npm\lib\npm.js:208:9)
14 verbose stack     at async module.exports (C:\Users\Shobhit Kumar\AppData\Roaming\npm\node_modules\npm\lib\cli\entry.js:67:5)
15 error No dependencies found matching react-native-unimodules
16 verbose cwd C:\company\defernce app\frontend
17 verbose os Windows_NT 10.0.26200
18 verbose node v23.8.0
19 verbose npm  v11.6.0
20 verbose exit 1
21 verbose code 1
22 error A complete log of this run can be found in: C:\company\defernce app\.npm-cache\_logs\2026-03-28T07_21_29_304Z-debug-0.log
