0 verbose cli C:\Program Files\nodejs\node.exe C:\Users\Shobhit Kumar\AppData\Roaming\npm\node_modules\npm\bin\npm-cli.js
1 info using npm@11.6.0
2 info using node@v23.8.0
3 silly config load:file:C:\Users\Shobhit Kumar\AppData\Roaming\npm\node_modules\npm\npmrc
4 silly config load:file:C:\company\defernce app\backend\.npmrc
5 silly config load:file:C:\Users\Shobhit Kumar\.npmrc
6 silly config load:file:C:\Users\Shobhit Kumar\AppData\Roaming\npm\etc\npmrc
7 verbose title npm install
8 verbose argv "install"
9 verbose logfile logs-max:10 dir:C:\company\defernce app\.npm-cache\_logs\2026-03-28T07_20_48_137Z-
10 verbose logfile C:\company\defernce app\.npm-cache\_logs\2026-03-28T07_20_48_137Z-debug-0.log
11 silly logfile start cleaning logs, removing 1 files
12 silly packumentCache heap:4345298944 maxSize:1086324736 maxEntrySize:543162368
13 silly logfile done cleaning log files
14 silly idealTree buildDeps
15 silly fetch manifest @google/generative-ai@^0.24.0
16 silly packumentCache full:https://registry.npmjs.org/@google%2fgenerative-ai cache-miss
17 http fetch GET 200 https://registry.npmjs.org/@google%2fgenerative-ai 1623ms (cache miss)
18 silly packumentCache full:https://registry.npmjs.org/@google%2fgenerative-ai set size:undefined disposed:false
19 silly fetch manifest cors@^2.8.5
20 silly packumentCache full:https://registry.npmjs.org/cors cache-miss
21 http fetch GET 200 https://registry.npmjs.org/cors 109ms (cache miss)
22 silly packumentCache full:https://registry.npmjs.org/cors set size:undefined disposed:false
23 silly fetch manifest dotenv@^16.4.5
24 silly packumentCache full:https://registry.npmjs.org/dotenv cache-miss
25 http fetch GET 200 https://registry.npmjs.org/dotenv 202ms (cache miss)
26 silly packumentCache full:https://registry.npmjs.org/dotenv set size:undefined disposed:false
27 silly fetch manifest express@^4.19.2
28 silly packumentCache full:https://registry.npmjs.org/express cache-miss
29 http fetch GET 200 https://registry.npmjs.org/express 168ms (cache miss)
30 silly packumentCache full:https://registry.npmjs.org/express set size:undefined disposed:false
31 silly fetch manifest mongoose@^8.10.0
32 silly packumentCache full:https://registry.npmjs.org/mongoose cache-miss
33 http fetch GET 200 https://registry.npmjs.org/mongoose 780ms (cache miss)
34 silly packumentCache full:https://registry.npmjs.org/mongoose set size:undefined disposed:false
35 silly fetch manifest zod@^3.24.1
36 silly packumentCache full:https://registry.npmjs.org/zod cache-miss
37 http fetch GET 200 https://registry.npmjs.org/zod 141ms (cache revalidated)
38 silly packumentCache full:https://registry.npmjs.org/zod set size:3489329 disposed:false
39 silly fetch manifest nodemon@^3.1.9
40 silly packumentCache full:https://registry.npmjs.org/nodemon cache-miss
41 http fetch GET 200 https://registry.npmjs.org/nodemon 163ms (cache miss)
42 silly packumentCache full:https://registry.npmjs.org/nodemon set size:undefined disposed:false
43 silly placeDep ROOT @google/generative-ai@0.24.1 OK for: spark-future-leader-academy-backend@1.0.0 want: ^0.24.0
44 silly placeDep ROOT cors@2.8.6 OK for: spark-future-leader-academy-backend@1.0.0 want: ^2.8.5
45 silly placeDep ROOT dotenv@16.6.1 OK for: spark-future-leader-academy-backend@1.0.0 want: ^16.4.5
46 silly placeDep ROOT express@4.22.1 OK for: spark-future-leader-academy-backend@1.0.0 want: ^4.19.2
47 silly placeDep ROOT mongoose@8.23.0 OK for: spark-future-leader-academy-backend@1.0.0 want: ^8.10.0
48 silly placeDep ROOT nodemon@3.1.14 OK for: spark-future-leader-academy-backend@1.0.0 want: ^3.1.9
49 silly placeDep ROOT zod@3.25.76 OK for: spark-future-leader-academy-backend@1.0.0 want: ^3.24.1
50 silly fetch manifest object-assign@^4
51 silly packumentCache full:https://registry.npmjs.org/object-assign cache-miss
52 silly fetch manifest vary@^1
53 silly packumentCache full:https://registry.npmjs.org/vary cache-miss
54 silly fetch manifest qs@~6.14.0
55 silly packumentCache full:https://registry.npmjs.org/qs cache-miss
56 silly fetch manifest depd@2.0.0
57 silly packumentCache full:https://registry.npmjs.org/depd cache-miss
58 silly fetch manifest etag@~1.8.1
59 silly packumentCache full:https://registry.npmjs.org/etag cache-miss
60 silly fetch manifest send@~0.19.0
61 silly packumentCache full:https://registry.npmjs.org/send cache-miss
62 silly fetch manifest vary@~1.1.2
63 silly packumentCache full:https://registry.npmjs.org/vary cache-miss
64 silly fetch manifest debug@2.6.9
65 silly packumentCache full:https://registry.npmjs.org/debug cache-miss
66 silly fetch manifest fresh@~0.5.2
67 silly packumentCache full:https://registry.npmjs.org/fresh cache-miss
68 silly fetch manifest cookie@~0.7.1
69 silly packumentCache full:https://registry.npmjs.org/cookie cache-miss
70 silly fetch manifest accepts@~1.3.8
71 silly packumentCache full:https://registry.npmjs.org/accepts cache-miss
72 silly fetch manifest methods@~1.1.2
73 silly packumentCache full:https://registry.npmjs.org/methods cache-miss
74 silly fetch manifest type-is@~1.6.18
75 silly packumentCache full:https://registry.npmjs.org/type-is cache-miss
76 silly fetch manifest parseurl@~1.3.3
77 silly packumentCache full:https://registry.npmjs.org/parseurl cache-miss
78 silly fetch manifest statuses@~2.0.1
79 silly packumentCache full:https://registry.npmjs.org/statuses cache-miss
80 http fetch GET 200 https://registry.npmjs.org/object-assign 124ms (cache miss)
81 silly packumentCache full:https://registry.npmjs.org/object-assign set size:undefined disposed:false
82 silly fetch manifest encodeurl@~2.0.0
83 silly packumentCache full:https://registry.npmjs.org/encodeurl cache-miss
84 http fetch GET 200 https://registry.npmjs.org/encodeurl 110ms (cache revalidated)
85 silly packumentCache full:https://registry.npmjs.org/encodeurl set size:12296 disposed:false
86 silly fetch manifest proxy-addr@~2.0.7
87 silly packumentCache full:https://registry.npmjs.org/proxy-addr cache-miss
88 http fetch GET 200 https://registry.npmjs.org/proxy-addr 94ms (cache miss)
89 silly packumentCache full:https://registry.npmjs.org/proxy-addr set size:undefined disposed:false
90 silly fetch manifest body-parser@~1.20.3
91 silly packumentCache full:https://registry.npmjs.org/body-parser cache-miss
92 http fetch GET 200 https://registry.npmjs.org/methods 336ms (cache miss)
93 silly packumentCache full:https://registry.npmjs.org/methods set size:undefined disposed:false
94 silly fetch manifest escape-html@~1.0.3
95 silly packumentCache full:https://registry.npmjs.org/escape-html cache-miss
96 http fetch GET 200 https://registry.npmjs.org/type-is 356ms (cache miss)
97 silly packumentCache full:https://registry.npmjs.org/type-is set size:undefined disposed:false
98 silly fetch manifest http-errors@~2.0.0
99 silly packumentCache full:https://registry.npmjs.org/http-errors cache-miss
100 http fetch GET 200 https://registry.npmjs.org/etag 375ms (cache revalidated)
101 silly packumentCache full:https://registry.npmjs.org/etag set size:30032 disposed:false
102 silly fetch manifest on-finished@~2.4.1
103 silly packumentCache full:https://registry.npmjs.org/on-finished cache-miss
104 http fetch GET 200 https://registry.npmjs.org/send 377ms (cache revalidated)
105 silly packumentCache full:https://registry.npmjs.org/send set size:152810 disposed:false
106 silly fetch manifest safe-buffer@5.2.1
107 silly packumentCache full:https://registry.npmjs.org/safe-buffer cache-miss
108 http fetch GET 200 https://registry.npmjs.org/fresh 386ms (cache revalidated)
109 silly packumentCache full:https://registry.npmjs.org/fresh set size:25427 disposed:false
110 silly fetch manifest utils-merge@1.0.1
111 silly packumentCache full:https://registry.npmjs.org/utils-merge cache-miss
112 http fetch GET 200 https://registry.npmjs.org/statuses 385ms (cache revalidated)
113 silly packumentCache full:https://registry.npmjs.org/statuses set size:37117 disposed:false
114 silly fetch manifest content-type@~1.0.4
115 silly packumentCache full:https://registry.npmjs.org/content-type cache-miss
116 http fetch GET 200 https://registry.npmjs.org/accepts 389ms (cache revalidated)
117 silly packumentCache full:https://registry.npmjs.org/accepts set size:77054 disposed:false
118 silly fetch manifest finalhandler@~1.3.1
119 silly packumentCache full:https://registry.npmjs.org/finalhandler cache-miss
120 http fetch GET 200 https://registry.npmjs.org/parseurl 390ms (cache revalidated)
121 silly packumentCache full:https://registry.npmjs.org/parseurl set size:24148 disposed:false
122 silly fetch manifest range-parser@~1.2.1
123 silly packumentCache full:https://registry.npmjs.org/range-parser cache-miss
124 http fetch GET 200 https://registry.npmjs.org/vary 400ms (cache revalidated)
125 silly packumentCache full:https://registry.npmjs.org/vary set size:16018 disposed:false
126 silly fetch manifest serve-static@~1.16.2
127 silly packumentCache full:https://registry.npmjs.org/serve-static cache-miss
128 http fetch GET 200 https://registry.npmjs.org/cookie 403ms (cache miss)
129 silly packumentCache full:https://registry.npmjs.org/cookie set size:undefined disposed:false
130 silly fetch manifest array-flatten@1.1.1
131 silly packumentCache full:https://registry.npmjs.org/array-flatten cache-miss
132 http fetch GET 200 https://registry.npmjs.org/vary 416ms (cache revalidated)
133 silly packumentCache full:https://registry.npmjs.org/vary set size:16018 disposed:false
134 silly packumentCache full:https://registry.npmjs.org/vary dispose
135 silly fetch manifest path-to-regexp@~0.1.12
136 silly packumentCache full:https://registry.npmjs.org/path-to-regexp cache-miss
137 http fetch GET 200 https://registry.npmjs.org/depd 421ms (cache revalidated)
138 silly packumentCache full:https://registry.npmjs.org/depd set size:40182 disposed:false
139 silly fetch manifest setprototypeof@1.2.0
140 silly packumentCache full:https://registry.npmjs.org/setprototypeof cache-miss
141 http fetch GET 200 https://registry.npmjs.org/qs 480ms (cache miss)
142 silly packumentCache full:https://registry.npmjs.org/qs set size:undefined disposed:false
143 silly fetch manifest cookie-signature@~1.0.6
144 silly packumentCache full:https://registry.npmjs.org/cookie-signature cache-miss
145 http fetch GET 200 https://registry.npmjs.org/http-errors 125ms (cache revalidated)
146 silly packumentCache full:https://registry.npmjs.org/http-errors set size:71987 disposed:false
147 silly fetch manifest merge-descriptors@1.0.3
148 silly packumentCache full:https://registry.npmjs.org/merge-descriptors cache-miss
149 http fetch GET 200 https://registry.npmjs.org/body-parser 160ms (cache miss)
150 silly packumentCache full:https://registry.npmjs.org/body-parser set size:undefined disposed:false
151 silly fetch manifest content-disposition@~0.5.4
152 silly packumentCache full:https://registry.npmjs.org/content-disposition cache-miss
153 http fetch GET 200 https://registry.npmjs.org/on-finished 127ms (cache revalidated)
154 silly packumentCache full:https://registry.npmjs.org/on-finished set size:23212 disposed:false
155 silly fetch manifest ms@2.1.3
156 silly packumentCache full:https://registry.npmjs.org/ms cache-miss
157 http fetch GET 200 https://registry.npmjs.org/range-parser 113ms (cache revalidated)
158 silly packumentCache full:https://registry.npmjs.org/range-parser set size:22228 disposed:false
159 silly fetch manifest bson@^6.10.4
160 silly packumentCache full:https://registry.npmjs.org/bson cache-miss
161 http fetch GET 200 https://registry.npmjs.org/content-type 118ms (cache miss)
162 silly packumentCache full:https://registry.npmjs.org/content-type set size:undefined disposed:false
163 silly fetch manifest sift@17.1.3
164 silly packumentCache full:https://registry.npmjs.org/sift cache-miss
165 http fetch GET 200 https://registry.npmjs.org/safe-buffer 130ms (cache revalidated)
166 silly packumentCache full:https://registry.npmjs.org/safe-buffer set size:41183 disposed:false
167 silly fetch manifest mpath@0.9.0
168 silly packumentCache full:https://registry.npmjs.org/mpath cache-miss
169 http fetch GET 200 https://registry.npmjs.org/utils-merge 131ms (cache revalidated)
170 silly packumentCache full:https://registry.npmjs.org/utils-merge set size:5237 disposed:false
171 silly fetch manifest kareem@2.6.3
172 silly packumentCache full:https://registry.npmjs.org/kareem cache-miss
173 http fetch GET 200 https://registry.npmjs.org/finalhandler 130ms (cache revalidated)
174 silly packumentCache full:https://registry.npmjs.org/finalhandler set size:79291 disposed:false
175 silly fetch manifest mquery@5.0.0
176 silly packumentCache full:https://registry.npmjs.org/mquery cache-miss
177 http fetch GET 200 https://registry.npmjs.org/serve-static 128ms (cache revalidated)
178 silly packumentCache full:https://registry.npmjs.org/serve-static set size:150391 disposed:false
179 silly fetch manifest mongodb@~6.20.0
180 silly packumentCache full:https://registry.npmjs.org/mongodb cache-miss
181 http fetch GET 200 https://registry.npmjs.org/array-flatten 125ms (cache miss)
182 silly packumentCache full:https://registry.npmjs.org/array-flatten set size:undefined disposed:false
183 silly fetch manifest debug@^4
184 silly packumentCache full:https://registry.npmjs.org/debug cache-miss
185 http fetch GET 200 https://registry.npmjs.org/setprototypeof 116ms (cache revalidated)
186 silly packumentCache full:https://registry.npmjs.org/setprototypeof set size:14532 disposed:false
187 silly fetch manifest touch@^3.1.0
188 silly packumentCache full:https://registry.npmjs.org/touch cache-miss
189 http fetch GET 200 https://registry.npmjs.org/path-to-regexp 131ms (cache miss)
190 silly packumentCache full:https://registry.npmjs.org/path-to-regexp set size:undefined disposed:false
191 silly fetch manifest semver@^7.5.3
192 silly packumentCache full:https://registry.npmjs.org/semver cache-miss
193 http fetch GET 200 https://registry.npmjs.org/cookie-signature 107ms (cache miss)
194 silly packumentCache full:https://registry.npmjs.org/cookie-signature set size:undefined disposed:false
195 silly fetch manifest chokidar@^3.5.2
196 silly packumentCache full:https://registry.npmjs.org/chokidar cache-miss
197 http fetch GET 200 https://registry.npmjs.org/merge-descriptors 116ms (cache miss)
198 silly packumentCache full:https://registry.npmjs.org/merge-descriptors set size:undefined disposed:false
199 silly fetch manifest minimatch@^10.2.1
200 silly packumentCache full:https://registry.npmjs.org/minimatch cache-miss
201 http fetch GET 200 https://registry.npmjs.org/content-disposition 117ms (cache miss)
202 silly packumentCache full:https://registry.npmjs.org/content-disposition set size:undefined disposed:false
203 silly fetch manifest undefsafe@^2.0.5
204 silly packumentCache full:https://registry.npmjs.org/undefsafe cache-miss
205 http fetch GET 200 https://registry.npmjs.org/mpath 123ms (cache miss)
206 silly packumentCache full:https://registry.npmjs.org/mpath set size:undefined disposed:false
207 silly fetch manifest pstree.remy@^1.1.8
208 silly packumentCache full:https://registry.npmjs.org/pstree.remy cache-miss
209 http fetch GET 200 https://registry.npmjs.org/ms 153ms (cache revalidated)
210 silly packumentCache full:https://registry.npmjs.org/ms set size:92208 disposed:false
211 silly fetch manifest supports-color@^5.5.0
212 silly packumentCache full:https://registry.npmjs.org/supports-color cache-miss
213 http fetch GET 200 https://registry.npmjs.org/debug 126ms (cache revalidated)
214 silly packumentCache full:https://registry.npmjs.org/debug set size:195840 disposed:false
215 silly fetch manifest ignore-by-default@^1.0.1
216 silly packumentCache full:https://registry.npmjs.org/ignore-by-default cache-miss
217 http fetch GET 200 https://registry.npmjs.org/kareem 150ms (cache miss)
218 silly packumentCache full:https://registry.npmjs.org/kareem set size:undefined disposed:false
219 silly fetch manifest simple-update-notifier@^2.0.0
220 silly packumentCache full:https://registry.npmjs.org/simple-update-notifier cache-miss
221 http fetch GET 200 https://registry.npmjs.org/semver 123ms (cache revalidated)
222 silly packumentCache full:https://registry.npmjs.org/semver set size:229620 disposed:false
223 http fetch GET 200 https://registry.npmjs.org/touch 143ms (cache miss)
224 silly packumentCache full:https://registry.npmjs.org/touch set size:undefined disposed:false
225 http fetch GET 200 https://registry.npmjs.org/debug 688ms (cache revalidated)
226 silly packumentCache full:https://registry.npmjs.org/debug set size:195840 disposed:false
227 silly packumentCache full:https://registry.npmjs.org/debug dispose
228 http fetch GET 200 https://registry.npmjs.org/mquery 174ms (cache miss)
229 silly packumentCache full:https://registry.npmjs.org/mquery set size:undefined disposed:false
230 http fetch GET 200 https://registry.npmjs.org/bson 193ms (cache miss)
231 silly packumentCache full:https://registry.npmjs.org/bson set size:undefined disposed:false
232 http fetch GET 200 https://registry.npmjs.org/chokidar 128ms (cache miss)
233 silly packumentCache full:https://registry.npmjs.org/chokidar set size:undefined disposed:false
234 http fetch GET 200 https://registry.npmjs.org/sift 216ms (cache miss)
235 silly packumentCache full:https://registry.npmjs.org/sift set size:undefined disposed:false
236 http fetch GET 200 https://registry.npmjs.org/undefsafe 114ms (cache miss)
237 silly packumentCache full:https://registry.npmjs.org/undefsafe set size:undefined disposed:false
238 http fetch GET 200 https://registry.npmjs.org/minimatch 124ms (cache revalidated)
239 silly packumentCache full:https://registry.npmjs.org/minimatch set size:352359 disposed:false
240 http fetch GET 200 https://registry.npmjs.org/ignore-by-default 80ms (cache miss)
241 silly packumentCache full:https://registry.npmjs.org/ignore-by-default set size:undefined disposed:false
242 http fetch GET 200 https://registry.npmjs.org/pstree.remy 111ms (cache miss)
243 silly packumentCache full:https://registry.npmjs.org/pstree.remy set size:undefined disposed:false
244 http fetch GET 200 https://registry.npmjs.org/supports-color 134ms (cache revalidated)
245 silly packumentCache full:https://registry.npmjs.org/supports-color set size:118680 disposed:false
246 http fetch GET 200 https://registry.npmjs.org/simple-update-notifier 202ms (cache miss)
247 silly packumentCache full:https://registry.npmjs.org/simple-update-notifier set size:undefined disposed:false
248 http fetch GET 200 https://registry.npmjs.org/mongodb 371ms (cache miss)
249 silly packumentCache full:https://registry.npmjs.org/mongodb set size:undefined disposed:false
250 http fetch GET 200 https://registry.npmjs.org/escape-html 860ms (cache revalidated)
251 silly packumentCache full:https://registry.npmjs.org/escape-html set size:7345 disposed:false
252 silly placeDep ROOT object-assign@4.1.1 OK for: cors@2.8.6 want: ^4
253 silly placeDep ROOT vary@1.1.2 OK for: cors@2.8.6 want: ^1
254 silly placeDep ROOT accepts@1.3.8 OK for: express@4.22.1 want: ~1.3.8
255 silly placeDep ROOT array-flatten@1.1.1 OK for: express@4.22.1 want: 1.1.1
256 silly placeDep ROOT body-parser@1.20.4 OK for: express@4.22.1 want: ~1.20.3
257 silly placeDep ROOT content-disposition@0.5.4 OK for: express@4.22.1 want: ~0.5.4
258 silly placeDep ROOT content-type@1.0.5 OK for: express@4.22.1 want: ~1.0.4
259 silly placeDep ROOT cookie@0.7.2 OK for: express@4.22.1 want: ~0.7.1
260 silly placeDep ROOT cookie-signature@1.0.7 OK for: express@4.22.1 want: ~1.0.6
261 silly placeDep ROOT debug@2.6.9 OK for: express@4.22.1 want: 2.6.9
262 silly placeDep ROOT depd@2.0.0 OK for: express@4.22.1 want: 2.0.0
263 silly placeDep ROOT encodeurl@2.0.0 OK for: express@4.22.1 want: ~2.0.0
264 silly placeDep ROOT escape-html@1.0.3 OK for: express@4.22.1 want: ~1.0.3
265 silly placeDep ROOT etag@1.8.1 OK for: express@4.22.1 want: ~1.8.1
266 silly placeDep ROOT finalhandler@1.3.2 OK for: express@4.22.1 want: ~1.3.1
267 silly placeDep ROOT fresh@0.5.2 OK for: express@4.22.1 want: ~0.5.2
268 silly placeDep ROOT http-errors@2.0.1 OK for: express@4.22.1 want: ~2.0.0
269 silly placeDep ROOT merge-descriptors@1.0.3 OK for: express@4.22.1 want: 1.0.3
270 silly placeDep ROOT methods@1.1.2 OK for: express@4.22.1 want: ~1.1.2
271 silly placeDep ROOT on-finished@2.4.1 OK for: express@4.22.1 want: ~2.4.1
272 silly placeDep ROOT parseurl@1.3.3 OK for: express@4.22.1 want: ~1.3.3
273 silly placeDep ROOT path-to-regexp@0.1.13 OK for: express@4.22.1 want: ~0.1.12
274 silly placeDep ROOT proxy-addr@2.0.7 OK for: express@4.22.1 want: ~2.0.7
275 silly placeDep ROOT qs@6.14.2 OK for: express@4.22.1 want: ~6.14.0
276 silly placeDep ROOT range-parser@1.2.1 OK for: express@4.22.1 want: ~1.2.1
277 silly placeDep ROOT safe-buffer@5.2.1 OK for: express@4.22.1 want: 5.2.1
278 silly placeDep ROOT send@0.19.2 OK for: express@4.22.1 want: ~0.19.0
279 silly placeDep ROOT serve-static@1.16.3 OK for: express@4.22.1 want: ~1.16.2
280 silly placeDep ROOT setprototypeof@1.2.0 OK for: express@4.22.1 want: 1.2.0
281 silly placeDep ROOT statuses@2.0.2 OK for: express@4.22.1 want: ~2.0.1
282 silly placeDep ROOT type-is@1.6.18 OK for: express@4.22.1 want: ~1.6.18
283 silly placeDep ROOT utils-merge@1.0.1 OK for: express@4.22.1 want: 1.0.1
284 silly fetch manifest mime-types@~2.1.34
285 silly packumentCache full:https://registry.npmjs.org/mime-types cache-miss
286 silly fetch manifest negotiator@0.6.3
287 silly packumentCache full:https://registry.npmjs.org/negotiator cache-miss
288 silly fetch manifest bytes@~3.1.2
289 silly packumentCache full:https://registry.npmjs.org/bytes cache-miss
290 silly fetch manifest unpipe@~1.0.0
291 silly packumentCache full:https://registry.npmjs.org/unpipe cache-miss
292 silly fetch manifest destroy@~1.2.0
293 silly packumentCache full:https://registry.npmjs.org/destroy cache-miss
294 silly fetch manifest raw-body@~2.5.3
295 silly packumentCache full:https://registry.npmjs.org/raw-body cache-miss
296 silly fetch manifest iconv-lite@~0.4.24
297 silly packumentCache full:https://registry.npmjs.org/iconv-lite cache-miss
298 silly fetch manifest http-errors@~2.0.1
299 silly packumentCache full:https://registry.npmjs.org/http-errors cache-hit
300 silly fetch manifest content-type@~1.0.5
301 silly packumentCache full:https://registry.npmjs.org/content-type cache-miss
302 silly fetch manifest ms@2.0.0
303 silly packumentCache full:https://registry.npmjs.org/ms cache-hit
304 silly fetch manifest unpipe@~1.0.0
305 silly packumentCache full:https://registry.npmjs.org/unpipe cache-miss
306 silly fetch manifest statuses@~2.0.2
307 silly packumentCache full:https://registry.npmjs.org/statuses cache-hit
308 silly fetch manifest inherits@~2.0.4
309 silly packumentCache full:https://registry.npmjs.org/inherits cache-miss
310 silly fetch manifest setprototypeof@~1.2.0
311 silly packumentCache full:https://registry.npmjs.org/setprototypeof cache-hit
312 silly fetch manifest statuses@~2.0.2
313 silly packumentCache full:https://registry.npmjs.org/statuses cache-hit
314 silly fetch manifest toidentifier@~1.0.1
315 silly packumentCache full:https://registry.npmjs.org/toidentifier cache-miss
316 silly fetch manifest ee-first@1.1.1
317 silly packumentCache full:https://registry.npmjs.org/ee-first cache-miss
318 silly fetch manifest forwarded@0.2.0
319 silly packumentCache full:https://registry.npmjs.org/forwarded cache-miss
320 silly fetch manifest ipaddr.js@1.9.1
321 silly packumentCache full:https://registry.npmjs.org/ipaddr.js cache-miss
322 silly fetch manifest side-channel@^1.1.0
323 silly packumentCache full:https://registry.npmjs.org/side-channel cache-miss
324 http cache https://registry.npmjs.org/content-type 32ms (cache hit)
325 silly packumentCache full:https://registry.npmjs.org/content-type set size:17311 disposed:false
326 silly fetch manifest mime@1.6.0
327 silly packumentCache full:https://registry.npmjs.org/mime cache-miss
328 http fetch GET 200 https://registry.npmjs.org/iconv-lite 146ms (cache miss)
329 silly packumentCache full:https://registry.npmjs.org/iconv-lite set size:undefined disposed:false
330 silly fetch manifest destroy@1.2.0
331 silly packumentCache full:https://registry.npmjs.org/destroy cache-miss
332 http fetch GET 200 https://registry.npmjs.org/raw-body 158ms (cache miss)
333 silly packumentCache full:https://registry.npmjs.org/raw-body set size:undefined disposed:false
334 silly fetch manifest mime-types@~2.1.24
335 silly packumentCache full:https://registry.npmjs.org/mime-types cache-miss
336 http fetch GET 200 https://registry.npmjs.org/mime-types 165ms (cache revalidated)
337 silly packumentCache full:https://registry.npmjs.org/mime-types set size:139110 disposed:false
338 silly fetch manifest media-typer@0.3.0
339 silly packumentCache full:https://registry.npmjs.org/media-typer cache-miss
340 http fetch GET 200 https://registry.npmjs.org/bytes 170ms (cache revalidated)
341 silly packumentCache full:https://registry.npmjs.org/bytes set size:37018 disposed:false
342 http fetch GET 200 https://registry.npmjs.org/side-channel 166ms (cache miss)
343 silly packumentCache full:https://registry.npmjs.org/side-channel set size:undefined disposed:false
344 http fetch GET 200 https://registry.npmjs.org/unpipe 177ms (cache revalidated)
345 silly packumentCache full:https://registry.npmjs.org/unpipe set size:3609 disposed:false
346 http fetch GET 200 https://registry.npmjs.org/ee-first 170ms (cache revalidated)
347 silly packumentCache full:https://registry.npmjs.org/ee-first set size:15327 disposed:false
348 http fetch GET 200 https://registry.npmjs.org/inherits 174ms (cache revalidated)
349 silly packumentCache full:https://registry.npmjs.org/inherits set size:12925 disposed:false
350 http fetch GET 200 https://registry.npmjs.org/mime 143ms (cache revalidated)
351 silly packumentCache full:https://registry.npmjs.org/mime set size:119236 disposed:false
352 http fetch GET 200 https://registry.npmjs.org/unpipe 180ms (cache revalidated)
353 silly packumentCache full:https://registry.npmjs.org/unpipe set size:3609 disposed:false
354 silly packumentCache full:https://registry.npmjs.org/unpipe dispose
355 http fetch GET 200 https://registry.npmjs.org/forwarded 180ms (cache miss)
356 silly packumentCache full:https://registry.npmjs.org/forwarded set size:undefined disposed:false
357 http cache https://registry.npmjs.org/mime-types 26ms (cache hit)
358 silly packumentCache full:https://registry.npmjs.org/mime-types set size:139110 disposed:false
359 silly packumentCache full:https://registry.npmjs.org/mime-types dispose
360 http fetch GET 200 https://registry.npmjs.org/ipaddr.js 185ms (cache miss)
361 silly packumentCache full:https://registry.npmjs.org/ipaddr.js set size:undefined disposed:false
362 http fetch GET 200 https://registry.npmjs.org/media-typer 100ms (cache miss)
363 silly packumentCache full:https://registry.npmjs.org/media-typer set size:undefined disposed:false
364 http fetch GET 200 https://registry.npmjs.org/destroy 121ms (cache revalidated)
365 silly packumentCache full:https://registry.npmjs.org/destroy set size:15738 disposed:false
366 http fetch GET 200 https://registry.npmjs.org/toidentifier 354ms (cache revalidated)
367 silly packumentCache full:https://registry.npmjs.org/toidentifier set size:12006 disposed:false
368 http fetch GET 200 https://registry.npmjs.org/destroy 404ms (cache revalidated)
369 silly packumentCache full:https://registry.npmjs.org/destroy set size:15738 disposed:false
370 silly packumentCache full:https://registry.npmjs.org/destroy dispose
371 http fetch GET 200 https://registry.npmjs.org/negotiator 945ms (cache revalidated)
372 silly packumentCache full:https://registry.npmjs.org/negotiator set size:48046 disposed:false
373 silly placeDep ROOT mime-types@2.1.35 OK for: accepts@1.3.8 want: ~2.1.34
374 silly placeDep ROOT negotiator@0.6.3 OK for: accepts@1.3.8 want: 0.6.3
375 silly fetch manifest mime-db@1.52.0
376 silly packumentCache full:https://registry.npmjs.org/mime-db cache-miss
377 http fetch GET 200 https://registry.npmjs.org/mime-db 149ms (cache revalidated)
378 silly packumentCache full:https://registry.npmjs.org/mime-db set size:164953 disposed:false
379 silly placeDep ROOT bytes@3.1.2 OK for: body-parser@1.20.4 want: ~3.1.2
380 silly placeDep ROOT destroy@1.2.0 OK for: body-parser@1.20.4 want: ~1.2.0
381 silly placeDep ROOT iconv-lite@0.4.24 OK for: body-parser@1.20.4 want: ~0.4.24
382 silly placeDep ROOT raw-body@2.5.3 OK for: body-parser@1.20.4 want: ~2.5.3
383 silly placeDep ROOT unpipe@1.0.0 OK for: body-parser@1.20.4 want: ~1.0.0
384 silly fetch manifest safer-buffer@>= 2.1.2 < 3
385 silly packumentCache full:https://registry.npmjs.org/safer-buffer cache-miss
386 http fetch GET 200 https://registry.npmjs.org/safer-buffer 132ms (cache miss)
387 silly packumentCache full:https://registry.npmjs.org/safer-buffer set size:undefined disposed:false
388 silly placeDep ROOT ms@2.0.0 OK for: debug@2.6.9 want: 2.0.0
389 silly placeDep ROOT inherits@2.0.4 OK for: http-errors@2.0.1 want: ~2.0.4
390 silly placeDep ROOT toidentifier@1.0.1 OK for: http-errors@2.0.1 want: ~1.0.1
391 silly placeDep ROOT safer-buffer@2.1.2 OK for: iconv-lite@0.4.24 want: >= 2.1.2 < 3
392 silly placeDep ROOT mime-db@1.52.0 OK for: mime-types@2.1.35 want: 1.52.0
393 silly fetch manifest @aws-sdk/credential-providers@^3.188.0
394 silly packumentCache full:https://registry.npmjs.org/@aws-sdk%2fcredential-providers cache-miss
395 http fetch GET 200 https://registry.npmjs.org/@aws-sdk%2fcredential-providers 288ms (cache miss)
396 silly packumentCache full:https://registry.npmjs.org/@aws-sdk%2fcredential-providers set size:undefined disposed:false
397 silly fetch manifest @mongodb-js/zstd@^1.1.0 || ^2.0.0
398 silly packumentCache full:https://registry.npmjs.org/@mongodb-js%2fzstd cache-miss
399 http fetch GET 200 https://registry.npmjs.org/@mongodb-js%2fzstd 152ms (cache miss)
400 silly packumentCache full:https://registry.npmjs.org/@mongodb-js%2fzstd set size:undefined disposed:false
401 silly fetch manifest gcp-metadata@^5.2.0
402 silly packumentCache full:https://registry.npmjs.org/gcp-metadata cache-miss
403 http fetch GET 200 https://registry.npmjs.org/gcp-metadata 119ms (cache miss)
404 silly packumentCache full:https://registry.npmjs.org/gcp-metadata set size:undefined disposed:false
405 silly fetch manifest kerberos@^2.0.1
406 silly packumentCache full:https://registry.npmjs.org/kerberos cache-miss
407 http fetch GET 200 https://registry.npmjs.org/kerberos 106ms (cache miss)
408 silly packumentCache full:https://registry.npmjs.org/kerberos set size:undefined disposed:false
409 silly fetch manifest mongodb-client-encryption@>=6.0.0 <7
410 silly packumentCache full:https://registry.npmjs.org/mongodb-client-encryption cache-miss
411 http fetch GET 200 https://registry.npmjs.org/mongodb-client-encryption 173ms (cache miss)
412 silly packumentCache full:https://registry.npmjs.org/mongodb-client-encryption set size:undefined disposed:false
413 silly fetch manifest snappy@^7.3.2
414 silly packumentCache full:https://registry.npmjs.org/snappy cache-miss
415 http fetch GET 200 https://registry.npmjs.org/snappy 367ms (cache miss)
416 silly packumentCache full:https://registry.npmjs.org/snappy set size:undefined disposed:false
417 silly fetch manifest socks@^2.7.1
418 silly packumentCache full:https://registry.npmjs.org/socks cache-miss
419 http fetch GET 200 https://registry.npmjs.org/socks 121ms (cache miss)
420 silly packumentCache full:https://registry.npmjs.org/socks set size:undefined disposed:false
421 silly placeDep ROOT bson@6.10.4 OK for: mongoose@8.23.0 want: ^6.10.4
422 silly placeDep ROOT kareem@2.6.3 OK for: mongoose@8.23.0 want: 2.6.3
423 silly placeDep ROOT mongodb@6.20.0 OK for: mongoose@8.23.0 want: ~6.20.0
424 silly placeDep ROOT mpath@0.9.0 OK for: mongoose@8.23.0 want: 0.9.0
425 silly placeDep ROOT mquery@5.0.0 OK for: mongoose@8.23.0 want: 5.0.0
426 silly placeDep node_modules/mongoose ms@2.1.3 OK for: mongoose@8.23.0 want: 2.1.3
427 silly placeDep ROOT sift@17.1.3 OK for: mongoose@8.23.0 want: 17.1.3
428 silly fetch manifest @mongodb-js/saslprep@^1.3.0
429 silly packumentCache full:https://registry.npmjs.org/@mongodb-js%2fsaslprep cache-miss
430 silly fetch manifest mongodb-connection-string-url@^3.0.2
431 silly packumentCache full:https://registry.npmjs.org/mongodb-connection-string-url cache-miss
432 silly fetch manifest debug@4.x
433 silly packumentCache full:https://registry.npmjs.org/debug cache-hit
434 http fetch GET 200 https://registry.npmjs.org/@mongodb-js%2fsaslprep 103ms (cache miss)
435 silly packumentCache full:https://registry.npmjs.org/@mongodb-js%2fsaslprep set size:undefined disposed:false
436 http fetch GET 200 https://registry.npmjs.org/mongodb-connection-string-url 130ms (cache miss)
437 silly packumentCache full:https://registry.npmjs.org/mongodb-connection-string-url set size:undefined disposed:false
438 silly placeDep ROOT @mongodb-js/saslprep@1.4.6 OK for: mongodb@6.20.0 want: ^1.3.0
439 silly placeDep ROOT mongodb-connection-string-url@3.0.2 OK for: mongodb@6.20.0 want: ^3.0.2
440 silly fetch manifest sparse-bitfield@^3.0.3
441 silly packumentCache full:https://registry.npmjs.org/sparse-bitfield cache-miss
442 silly fetch manifest whatwg-url@^14.1.0 || ^13.0.0
443 silly packumentCache full:https://registry.npmjs.org/whatwg-url cache-miss
444 silly fetch manifest @types/whatwg-url@^11.0.2
445 silly packumentCache full:https://registry.npmjs.org/@types%2fwhatwg-url cache-miss
446 http fetch GET 200 https://registry.npmjs.org/whatwg-url 100ms (cache miss)
447 silly packumentCache full:https://registry.npmjs.org/whatwg-url set size:undefined disposed:false
448 http fetch GET 200 https://registry.npmjs.org/@types%2fwhatwg-url 107ms (cache miss)
449 silly packumentCache full:https://registry.npmjs.org/@types%2fwhatwg-url set size:undefined disposed:false
450 http fetch GET 200 https://registry.npmjs.org/sparse-bitfield 344ms (cache miss)
451 silly packumentCache full:https://registry.npmjs.org/sparse-bitfield set size:undefined disposed:false
452 silly placeDep ROOT sparse-bitfield@3.0.3 OK for: @mongodb-js/saslprep@1.4.6 want: ^3.0.3
453 silly fetch manifest memory-pager@^1.0.2
454 silly packumentCache full:https://registry.npmjs.org/memory-pager cache-miss
455 http fetch GET 200 https://registry.npmjs.org/memory-pager 113ms (cache miss)
456 silly packumentCache full:https://registry.npmjs.org/memory-pager set size:undefined disposed:false
457 silly placeDep ROOT @types/whatwg-url@11.0.5 OK for: mongodb-connection-string-url@3.0.2 want: ^11.0.2
458 silly placeDep ROOT whatwg-url@14.2.0 OK for: mongodb-connection-string-url@3.0.2 want: ^14.1.0 || ^13.0.0
459 silly fetch manifest @types/webidl-conversions@*
460 silly packumentCache full:https://registry.npmjs.org/@types%2fwebidl-conversions cache-miss
461 silly fetch manifest tr46@^5.1.0
462 silly packumentCache full:https://registry.npmjs.org/tr46 cache-miss
463 silly fetch manifest webidl-conversions@^7.0.0
464 silly packumentCache full:https://registry.npmjs.org/webidl-conversions cache-miss
465 http fetch GET 200 https://registry.npmjs.org/tr46 120ms (cache miss)
466 silly packumentCache full:https://registry.npmjs.org/tr46 set size:undefined disposed:false
467 http fetch GET 200 https://registry.npmjs.org/webidl-conversions 130ms (cache miss)
468 silly packumentCache full:https://registry.npmjs.org/webidl-conversions set size:undefined disposed:false
469 http fetch GET 200 https://registry.npmjs.org/@types%2fwebidl-conversions 145ms (cache miss)
470 silly packumentCache full:https://registry.npmjs.org/@types%2fwebidl-conversions set size:undefined disposed:false
471 silly placeDep ROOT @types/webidl-conversions@7.0.3 OK for: @types/whatwg-url@11.0.5 want: *
472 silly placeDep node_modules/mquery debug@4.4.3 OK for: mquery@5.0.0 want: 4.x
473 silly fetch manifest ms@^2.1.3
474 silly packumentCache full:https://registry.npmjs.org/ms cache-hit
475 silly placeDep ROOT chokidar@3.6.0 OK for: nodemon@3.1.14 want: ^3.5.2
476 silly placeDep node_modules/nodemon debug@4.4.3 OK for: nodemon@3.1.14 want: ^4
477 silly placeDep ROOT ignore-by-default@1.0.1 OK for: nodemon@3.1.14 want: ^1.0.1
478 silly placeDep ROOT minimatch@10.2.4 OK for: nodemon@3.1.14 want: ^10.2.1
479 silly placeDep ROOT pstree.remy@1.1.8 OK for: nodemon@3.1.14 want: ^1.1.8
480 silly placeDep ROOT semver@7.7.4 OK for: nodemon@3.1.14 want: ^7.5.3
481 silly placeDep ROOT simple-update-notifier@2.0.0 OK for: nodemon@3.1.14 want: ^2.0.0
482 silly placeDep ROOT supports-color@5.5.0 OK for: nodemon@3.1.14 want: ^5.5.0
483 silly placeDep ROOT touch@3.1.1 OK for: nodemon@3.1.14 want: ^3.1.0
484 silly placeDep ROOT undefsafe@2.0.5 OK for: nodemon@3.1.14 want: ^2.0.5
485 silly fetch manifest braces@~3.0.2
486 silly packumentCache full:https://registry.npmjs.org/braces cache-miss
487 silly fetch manifest is-glob@~4.0.1
488 silly packumentCache full:https://registry.npmjs.org/is-glob cache-miss
489 silly fetch manifest anymatch@~3.1.2
490 silly packumentCache full:https://registry.npmjs.org/anymatch cache-miss
491 silly fetch manifest readdirp@~3.6.0
492 silly packumentCache full:https://registry.npmjs.org/readdirp cache-miss
493 silly fetch manifest glob-parent@~5.1.2
494 silly packumentCache full:https://registry.npmjs.org/glob-parent cache-miss
495 silly fetch manifest is-binary-path@~2.1.0
496 silly packumentCache full:https://registry.npmjs.org/is-binary-path cache-miss
497 silly fetch manifest normalize-path@~3.0.0
498 silly packumentCache full:https://registry.npmjs.org/normalize-path cache-miss
499 silly fetch manifest fsevents@~2.3.2
500 silly packumentCache full:https://registry.npmjs.org/fsevents cache-miss
501 silly fetch manifest brace-expansion@^5.0.2
502 silly packumentCache full:https://registry.npmjs.org/brace-expansion cache-miss
503 silly fetch manifest has-flag@^3.0.0
504 silly packumentCache full:https://registry.npmjs.org/has-flag cache-miss
505 http fetch GET 200 https://registry.npmjs.org/glob-parent 107ms (cache miss)
506 silly packumentCache full:https://registry.npmjs.org/glob-parent set size:undefined disposed:false
507 http fetch GET 200 https://registry.npmjs.org/is-binary-path 125ms (cache miss)
508 silly packumentCache full:https://registry.npmjs.org/is-binary-path set size:undefined disposed:false
509 http fetch GET 200 https://registry.npmjs.org/braces 129ms (cache revalidated)
510 silly packumentCache full:https://registry.npmjs.org/braces set size:114529 disposed:false
511 http fetch GET 200 https://registry.npmjs.org/is-glob 138ms (cache miss)
512 silly packumentCache full:https://registry.npmjs.org/is-glob set size:undefined disposed:false
513 http fetch GET 200 https://registry.npmjs.org/brace-expansion 136ms (cache revalidated)
514 silly packumentCache full:https://registry.npmjs.org/brace-expansion set size:61740 disposed:false
515 http fetch GET 200 https://registry.npmjs.org/normalize-path 139ms (cache revalidated)
516 silly packumentCache full:https://registry.npmjs.org/normalize-path set size:28713 disposed:false
517 http fetch GET 200 https://registry.npmjs.org/fsevents 140ms (cache revalidated)
518 silly packumentCache full:https://registry.npmjs.org/fsevents set size:182472 disposed:false
519 http fetch GET 200 https://registry.npmjs.org/has-flag 142ms (cache revalidated)
520 silly packumentCache full:https://registry.npmjs.org/has-flag set size:15180 disposed:false
521 http fetch GET 200 https://registry.npmjs.org/anymatch 146ms (cache revalidated)
522 silly packumentCache full:https://registry.npmjs.org/anymatch set size:42974 disposed:false
523 http fetch GET 200 https://registry.npmjs.org/readdirp 148ms (cache miss)
524 silly packumentCache full:https://registry.npmjs.org/readdirp set size:undefined disposed:false
525 silly placeDep ROOT anymatch@3.1.3 OK for: chokidar@3.6.0 want: ~3.1.2
526 silly placeDep ROOT braces@3.0.3 OK for: chokidar@3.6.0 want: ~3.0.2
527 silly placeDep ROOT fsevents@2.3.3 OK for: chokidar@3.6.0 want: ~2.3.2
528 silly placeDep ROOT glob-parent@5.1.2 OK for: chokidar@3.6.0 want: ~5.1.2
529 silly placeDep ROOT is-binary-path@2.1.0 OK for: chokidar@3.6.0 want: ~2.1.0
530 silly placeDep ROOT is-glob@4.0.3 OK for: chokidar@3.6.0 want: ~4.0.1
531 silly placeDep ROOT normalize-path@3.0.0 OK for: chokidar@3.6.0 want: ~3.0.0
532 silly placeDep ROOT readdirp@3.6.0 OK for: chokidar@3.6.0 want: ~3.6.0
533 silly fetch manifest picomatch@^2.0.4
534 silly packumentCache full:https://registry.npmjs.org/picomatch cache-miss
535 silly fetch manifest normalize-path@^3.0.0
536 silly packumentCache full:https://registry.npmjs.org/normalize-path cache-hit
537 silly fetch manifest fill-range@^7.1.1
538 silly packumentCache full:https://registry.npmjs.org/fill-range cache-miss
539 silly fetch manifest is-glob@^4.0.1
540 silly packumentCache full:https://registry.npmjs.org/is-glob cache-miss
541 silly fetch manifest binary-extensions@^2.0.0
542 silly packumentCache full:https://registry.npmjs.org/binary-extensions cache-miss
543 silly fetch manifest is-extglob@^2.1.1
544 silly packumentCache full:https://registry.npmjs.org/is-extglob cache-miss
545 silly fetch manifest picomatch@^2.2.1
546 silly packumentCache full:https://registry.npmjs.org/picomatch cache-miss
547 http cache https://registry.npmjs.org/is-glob 18ms (cache hit)
548 silly packumentCache full:https://registry.npmjs.org/is-glob set size:40530 disposed:false
549 http fetch GET 200 https://registry.npmjs.org/picomatch 129ms (cache revalidated)
550 silly packumentCache full:https://registry.npmjs.org/picomatch set size:126376 disposed:false
551 http fetch GET 200 https://registry.npmjs.org/picomatch 131ms (cache revalidated)
552 silly packumentCache full:https://registry.npmjs.org/picomatch set size:126376 disposed:false
553 silly packumentCache full:https://registry.npmjs.org/picomatch dispose
554 http fetch GET 200 https://registry.npmjs.org/fill-range 137ms (cache revalidated)
555 silly packumentCache full:https://registry.npmjs.org/fill-range set size:90212 disposed:false
556 http fetch GET 200 https://registry.npmjs.org/binary-extensions 141ms (cache miss)
557 silly packumentCache full:https://registry.npmjs.org/binary-extensions set size:undefined disposed:false
558 http fetch GET 200 https://registry.npmjs.org/is-extglob 348ms (cache miss)
559 silly packumentCache full:https://registry.npmjs.org/is-extglob set size:undefined disposed:false
560 silly placeDep ROOT picomatch@2.3.2 OK for: anymatch@3.1.3 want: ^2.0.4
561 silly placeDep ROOT fill-range@7.1.1 OK for: braces@3.0.3 want: ^7.1.1
562 silly fetch manifest to-regex-range@^5.0.1
563 silly packumentCache full:https://registry.npmjs.org/to-regex-range cache-miss
564 http fetch GET 200 https://registry.npmjs.org/to-regex-range 168ms (cache revalidated)
565 silly packumentCache full:https://registry.npmjs.org/to-regex-range set size:61569 disposed:false
566 silly placeDep ROOT to-regex-range@5.0.1 OK for: fill-range@7.1.1 want: ^5.0.1
567 silly fetch manifest is-number@^7.0.0
568 silly packumentCache full:https://registry.npmjs.org/is-number cache-miss
569 http fetch GET 200 https://registry.npmjs.org/is-number 108ms (cache revalidated)
570 silly packumentCache full:https://registry.npmjs.org/is-number set size:36183 disposed:false
571 silly placeDep ROOT binary-extensions@2.3.0 OK for: is-binary-path@2.1.0 want: ^2.0.0
572 silly placeDep ROOT is-extglob@2.1.1 OK for: is-glob@4.0.3 want: ^2.1.1
573 silly placeDep ROOT brace-expansion@5.0.5 OK for: minimatch@10.2.4 want: ^5.0.2
574 silly fetch manifest balanced-match@^4.0.2
575 silly packumentCache full:https://registry.npmjs.org/balanced-match cache-miss
576 http fetch GET 200 https://registry.npmjs.org/balanced-match 106ms (cache revalidated)
577 silly packumentCache full:https://registry.npmjs.org/balanced-match set size:39082 disposed:false
578 silly placeDep ROOT balanced-match@4.0.4 OK for: brace-expansion@5.0.5 want: ^4.0.2
579 silly placeDep ROOT ee-first@1.1.1 OK for: on-finished@2.4.1 want: 1.1.1
580 silly placeDep ROOT forwarded@0.2.0 OK for: proxy-addr@2.0.7 want: 0.2.0
581 silly placeDep ROOT ipaddr.js@1.9.1 OK for: proxy-addr@2.0.7 want: 1.9.1
582 silly placeDep ROOT side-channel@1.1.0 OK for: qs@6.14.2 want: ^1.1.0
583 silly fetch manifest es-errors@^1.3.0
584 silly packumentCache full:https://registry.npmjs.org/es-errors cache-miss
585 silly fetch manifest object-inspect@^1.13.3
586 silly packumentCache full:https://registry.npmjs.org/object-inspect cache-miss
587 silly fetch manifest side-channel-list@^1.0.0
588 silly packumentCache full:https://registry.npmjs.org/side-channel-list cache-miss
589 silly fetch manifest side-channel-map@^1.0.1
590 silly packumentCache full:https://registry.npmjs.org/side-channel-map cache-miss
591 silly fetch manifest side-channel-weakmap@^1.0.2
592 silly packumentCache full:https://registry.npmjs.org/side-channel-weakmap cache-miss
593 http fetch GET 200 https://registry.npmjs.org/es-errors 117ms (cache miss)
594 silly packumentCache full:https://registry.npmjs.org/es-errors set size:undefined disposed:false
595 http fetch GET 200 https://registry.npmjs.org/side-channel-list 122ms (cache miss)
596 silly packumentCache full:https://registry.npmjs.org/side-channel-list set size:undefined disposed:false
597 http fetch GET 200 https://registry.npmjs.org/side-channel-map 132ms (cache miss)
598 silly packumentCache full:https://registry.npmjs.org/side-channel-map set size:undefined disposed:false
599 http fetch GET 200 https://registry.npmjs.org/side-channel-weakmap 179ms (cache miss)
600 silly packumentCache full:https://registry.npmjs.org/side-channel-weakmap set size:undefined disposed:false
601 http fetch GET 200 https://registry.npmjs.org/object-inspect 184ms (cache miss)
602 silly packumentCache full:https://registry.npmjs.org/object-inspect set size:undefined disposed:false
603 silly placeDep ROOT mime@1.6.0 OK for: send@0.19.2 want: 1.6.0
604 silly placeDep node_modules/send ms@2.1.3 OK for: send@0.19.2 want: 2.1.3
605 silly placeDep ROOT es-errors@1.3.0 OK for: side-channel@1.1.0 want: ^1.3.0
606 silly placeDep ROOT object-inspect@1.13.4 OK for: side-channel@1.1.0 want: ^1.13.3
607 silly placeDep ROOT side-channel-list@1.0.0 OK for: side-channel@1.1.0 want: ^1.0.0
608 silly placeDep ROOT side-channel-map@1.0.1 OK for: side-channel@1.1.0 want: ^1.0.1
609 silly placeDep ROOT side-channel-weakmap@1.0.2 OK for: side-channel@1.1.0 want: ^1.0.2
610 silly fetch manifest call-bound@^1.0.2
611 silly packumentCache full:https://registry.npmjs.org/call-bound cache-miss
612 silly fetch manifest get-intrinsic@^1.2.5
613 silly packumentCache full:https://registry.npmjs.org/get-intrinsic cache-miss
614 silly fetch manifest call-bound@^1.0.2
615 silly packumentCache full:https://registry.npmjs.org/call-bound cache-miss
616 silly fetch manifest get-intrinsic@^1.2.5
617 silly packumentCache full:https://registry.npmjs.org/get-intrinsic cache-miss
618 http fetch GET 200 https://registry.npmjs.org/call-bound 102ms (cache miss)
619 silly packumentCache full:https://registry.npmjs.org/call-bound set size:undefined disposed:false
620 http fetch GET 200 https://registry.npmjs.org/call-bound 135ms (cache miss)
621 silly packumentCache full:https://registry.npmjs.org/call-bound set size:undefined disposed:false
622 http fetch GET 200 https://registry.npmjs.org/get-intrinsic 149ms (cache miss)
623 silly packumentCache full:https://registry.npmjs.org/get-intrinsic set size:undefined disposed:false
624 http fetch GET 200 https://registry.npmjs.org/get-intrinsic 177ms (cache miss)
625 silly packumentCache full:https://registry.npmjs.org/get-intrinsic set size:undefined disposed:false
626 silly placeDep ROOT call-bound@1.0.4 OK for: side-channel-map@1.0.1 want: ^1.0.2
627 silly placeDep ROOT get-intrinsic@1.3.0 OK for: side-channel-map@1.0.1 want: ^1.2.5
628 silly fetch manifest call-bind-apply-helpers@^1.0.2
629 silly packumentCache full:https://registry.npmjs.org/call-bind-apply-helpers cache-miss
630 silly fetch manifest get-intrinsic@^1.3.0
631 silly packumentCache full:https://registry.npmjs.org/get-intrinsic cache-miss
632 silly fetch manifest gopd@^1.2.0
633 silly packumentCache full:https://registry.npmjs.org/gopd cache-miss
634 silly fetch manifest hasown@^2.0.2
635 silly packumentCache full:https://registry.npmjs.org/hasown cache-miss
636 silly fetch manifest get-proto@^1.0.1
637 silly packumentCache full:https://registry.npmjs.org/get-proto cache-miss
638 silly fetch manifest has-symbols@^1.1.0
639 silly packumentCache full:https://registry.npmjs.org/has-symbols cache-miss
640 silly fetch manifest function-bind@^1.1.2
641 silly packumentCache full:https://registry.npmjs.org/function-bind cache-miss
642 silly fetch manifest es-object-atoms@^1.1.1
643 silly packumentCache full:https://registry.npmjs.org/es-object-atoms cache-miss
644 silly fetch manifest math-intrinsics@^1.1.0
645 silly packumentCache full:https://registry.npmjs.org/math-intrinsics cache-miss
646 silly fetch manifest es-define-property@^1.0.1
647 silly packumentCache full:https://registry.npmjs.org/es-define-property cache-miss
648 silly fetch manifest call-bind-apply-helpers@^1.0.2
649 silly packumentCache full:https://registry.npmjs.org/call-bind-apply-helpers cache-miss
650 http cache https://registry.npmjs.org/get-intrinsic 18ms (cache hit)
651 silly packumentCache full:https://registry.npmjs.org/get-intrinsic set size:60985 disposed:false
652 http fetch GET 200 https://registry.npmjs.org/get-proto 103ms (cache miss)
653 silly packumentCache full:https://registry.npmjs.org/get-proto set size:undefined disposed:false
654 http fetch GET 200 https://registry.npmjs.org/gopd 110ms (cache miss)
655 silly packumentCache full:https://registry.npmjs.org/gopd set size:undefined disposed:false
656 http fetch GET 200 https://registry.npmjs.org/has-symbols 123ms (cache miss)
657 silly packumentCache full:https://registry.npmjs.org/has-symbols set size:undefined disposed:false
658 http fetch GET 200 https://registry.npmjs.org/call-bind-apply-helpers 131ms (cache miss)
659 silly packumentCache full:https://registry.npmjs.org/call-bind-apply-helpers set size:undefined disposed:false
660 http fetch GET 200 https://registry.npmjs.org/es-define-property 152ms (cache miss)
661 silly packumentCache full:https://registry.npmjs.org/es-define-property set size:undefined disposed:false
662 http fetch GET 200 https://registry.npmjs.org/call-bind-apply-helpers 157ms (cache miss)
663 silly packumentCache full:https://registry.npmjs.org/call-bind-apply-helpers set size:undefined disposed:false
664 http fetch GET 200 https://registry.npmjs.org/function-bind 162ms (cache revalidated)
665 silly packumentCache full:https://registry.npmjs.org/function-bind set size:15733 disposed:false
666 http fetch GET 200 https://registry.npmjs.org/es-object-atoms 165ms (cache miss)
667 silly packumentCache full:https://registry.npmjs.org/es-object-atoms set size:undefined disposed:false
668 http fetch GET 200 https://registry.npmjs.org/hasown 177ms (cache revalidated)
669 silly packumentCache full:https://registry.npmjs.org/hasown set size:12476 disposed:false
670 http fetch GET 200 https://registry.npmjs.org/math-intrinsics 179ms (cache miss)
671 silly packumentCache full:https://registry.npmjs.org/math-intrinsics set size:undefined disposed:false
672 silly placeDep ROOT call-bind-apply-helpers@1.0.2 OK for: call-bound@1.0.4 want: ^1.0.2
673 silly placeDep ROOT function-bind@1.1.2 OK for: call-bind-apply-helpers@1.0.2 want: ^1.1.2
674 silly placeDep ROOT es-define-property@1.0.1 OK for: get-intrinsic@1.3.0 want: ^1.0.1
675 silly placeDep ROOT es-object-atoms@1.1.1 OK for: get-intrinsic@1.3.0 want: ^1.1.1
676 silly placeDep ROOT get-proto@1.0.1 OK for: get-intrinsic@1.3.0 want: ^1.0.1
677 silly placeDep ROOT gopd@1.2.0 OK for: get-intrinsic@1.3.0 want: ^1.2.0
678 silly placeDep ROOT has-symbols@1.1.0 OK for: get-intrinsic@1.3.0 want: ^1.1.0
679 silly placeDep ROOT hasown@2.0.2 OK for: get-intrinsic@1.3.0 want: ^2.0.2
680 silly placeDep ROOT math-intrinsics@1.1.0 OK for: get-intrinsic@1.3.0 want: ^1.1.0
681 silly fetch manifest dunder-proto@^1.0.1
682 silly packumentCache full:https://registry.npmjs.org/dunder-proto cache-miss
683 http fetch GET 200 https://registry.npmjs.org/dunder-proto 98ms (cache miss)
684 silly packumentCache full:https://registry.npmjs.org/dunder-proto set size:undefined disposed:false
685 silly placeDep ROOT dunder-proto@1.0.1 OK for: get-proto@1.0.1 want: ^1.0.1
686 silly placeDep ROOT memory-pager@1.5.0 OK for: sparse-bitfield@3.0.3 want: ^1.0.2
687 silly placeDep ROOT has-flag@3.0.0 OK for: supports-color@5.5.0 want: ^3.0.0
688 silly placeDep ROOT is-number@7.0.0 OK for: to-regex-range@5.0.1 want: ^7.0.0
689 silly placeDep ROOT media-typer@0.3.0 OK for: type-is@1.6.18 want: 0.3.0
690 silly placeDep ROOT tr46@5.1.1 OK for: whatwg-url@14.2.0 want: ^5.1.0
691 silly placeDep ROOT webidl-conversions@7.0.0 OK for: whatwg-url@14.2.0 want: ^7.0.0
692 silly fetch manifest punycode@^2.3.1
693 silly packumentCache full:https://registry.npmjs.org/punycode cache-miss
694 http fetch GET 200 https://registry.npmjs.org/punycode 124ms (cache miss)
695 silly packumentCache full:https://registry.npmjs.org/punycode set size:undefined disposed:false
696 silly placeDep ROOT punycode@2.3.1 OK for: tr46@5.1.1 want: ^2.3.1
697 silly placeDep node_modules/mquery ms@2.1.3 OK for: debug@4.4.3 want: ^2.1.3
698 silly placeDep node_modules/nodemon ms@2.1.3 OK for: debug@4.4.3 want: ^2.1.3
699 silly reify moves {}
700 silly audit bulk request {
700 silly audit   '@google/generative-ai': [ '0.24.1' ],
700 silly audit   cors: [ '2.8.6' ],
700 silly audit   dotenv: [ '16.6.1' ],
700 silly audit   express: [ '4.22.1' ],
700 silly audit   mongoose: [ '8.23.0' ],
700 silly audit   nodemon: [ '3.1.14' ],
700 silly audit   zod: [ '3.25.76' ],
700 silly audit   'object-assign': [ '4.1.1' ],
700 silly audit   vary: [ '1.1.2' ],
700 silly audit   accepts: [ '1.3.8' ],
700 silly audit   'array-flatten': [ '1.1.1' ],
700 silly audit   'body-parser': [ '1.20.4' ],
700 silly audit   'content-disposition': [ '0.5.4' ],
700 silly audit   'content-type': [ '1.0.5' ],
700 silly audit   cookie: [ '0.7.2' ],
700 silly audit   'cookie-signature': [ '1.0.7' ],
700 silly audit   debug: [ '2.6.9', '4.4.3' ],
700 silly audit   depd: [ '2.0.0' ],
700 silly audit   encodeurl: [ '2.0.0' ],
700 silly audit   'escape-html': [ '1.0.3' ],
700 silly audit   etag: [ '1.8.1' ],
700 silly audit   finalhandler: [ '1.3.2' ],
700 silly audit   fresh: [ '0.5.2' ],
700 silly audit   'http-errors': [ '2.0.1' ],
700 silly audit   'merge-descriptors': [ '1.0.3' ],
700 silly audit   methods: [ '1.1.2' ],
700 silly audit   'on-finished': [ '2.4.1' ],
700 silly audit   parseurl: [ '1.3.3' ],
700 silly audit   'path-to-regexp': [ '0.1.13' ],
700 silly audit   'proxy-addr': [ '2.0.7' ],
700 silly audit   qs: [ '6.14.2' ],
700 silly audit   'range-parser': [ '1.2.1' ],
700 silly audit   'safe-buffer': [ '5.2.1' ],
700 silly audit   send: [ '0.19.2' ],
700 silly audit   'serve-static': [ '1.16.3' ],
700 silly audit   setprototypeof: [ '1.2.0' ],
700 silly audit   statuses: [ '2.0.2' ],
700 silly audit   'type-is': [ '1.6.18' ],
700 silly audit   'utils-merge': [ '1.0.1' ],
700 silly audit   'mime-types': [ '2.1.35' ],
700 silly audit   negotiator: [ '0.6.3' ],
700 silly audit   bytes: [ '3.1.2' ],
700 silly audit   destroy: [ '1.2.0' ],
700 silly audit   'iconv-lite': [ '0.4.24' ],
700 silly audit   'raw-body': [ '2.5.3' ],
700 silly audit   unpipe: [ '1.0.0' ],
700 silly audit   ms: [ '2.0.0', '2.1.3' ],
700 silly audit   inherits: [ '2.0.4' ],
700 silly audit   toidentifier: [ '1.0.1' ],
700 silly audit   'safer-buffer': [ '2.1.2' ],
700 silly audit   'mime-db': [ '1.52.0' ],
700 silly audit   bson: [ '6.10.4' ],
700 silly audit   kareem: [ '2.6.3' ],
700 silly audit   mongodb: [ '6.20.0' ],
700 silly audit   mpath: [ '0.9.0' ],
700 silly audit   mquery: [ '5.0.0' ],
700 silly audit   sift: [ '17.1.3' ],
700 silly audit   '@mongodb-js/saslprep': [ '1.4.6' ],
700 silly audit   'mongodb-connection-string-url': [ '3.0.2' ],
700 silly audit   'sparse-bitfield': [ '3.0.3' ],
700 silly audit   '@types/whatwg-url': [ '11.0.5' ],
700 silly audit   'whatwg-url': [ '14.2.0' ],
700 silly audit   '@types/webidl-conversions': [ '7.0.3' ],
700 silly audit   chokidar: [ '3.6.0' ],
700 silly audit   'ignore-by-default': [ '1.0.1' ],
700 silly audit   minimatch: [ '10.2.4' ],
700 silly audit   'pstree.remy': [ '1.1.8' ],
700 silly audit   semver: [ '7.7.4' ],
700 silly audit   'simple-update-notifier': [ '2.0.0' ],
700 silly audit   'supports-color': [ '5.5.0' ],
700 silly audit   touch: [ '3.1.1' ],
700 silly audit   undefsafe: [ '2.0.5' ],
700 silly audit   anymatch: [ '3.1.3' ],
700 silly audit   braces: [ '3.0.3' ],
700 silly audit   fsevents: [ '2.3.3' ],
700 silly audit   'glob-parent': [ '5.1.2' ],
700 silly audit   'is-binary-path': [ '2.1.0' ],
700 silly audit   'is-glob': [ '4.0.3' ],
700 silly audit   'normalize-path': [ '3.0.0' ],
700 silly audit   readdirp: [ '3.6.0' ],
700 silly audit   picomatch: [ '2.3.2' ],
700 silly audit   'fill-range': [ '7.1.1' ],
700 silly audit   'to-regex-range': [ '5.0.1' ],
700 silly audit   'binary-extensions': [ '2.3.0' ],
700 silly audit   'is-extglob': [ '2.1.1' ],
700 silly audit   'brace-expansion': [ '5.0.5' ],
700 silly audit   'balanced-match': [ '4.0.4' ],
700 silly audit   'ee-first': [ '1.1.1' ],
700 silly audit   forwarded: [ '0.2.0' ],
700 silly audit   'ipaddr.js': [ '1.9.1' ],
700 silly audit   'side-channel': [ '1.1.0' ],
700 silly audit   mime: [ '1.6.0' ],
700 silly audit   'es-errors': [ '1.3.0' ],
700 silly audit   'object-inspect': [ '1.13.4' ],
700 silly audit   'side-channel-list': [ '1.0.0' ],
700 silly audit   'side-channel-map': [ '1.0.1' ],
700 silly audit   'side-channel-weakmap': [ '1.0.2' ],
700 silly audit   'call-bound': [ '1.0.4' ],
700 silly audit   'get-intrinsic': [ '1.3.0' ],
700 silly audit   'call-bind-apply-helpers': [ '1.0.2' ],
700 silly audit   'function-bind': [ '1.1.2' ],
700 silly audit   'es-define-property': [ '1.0.1' ],
700 silly audit   'es-object-atoms': [ '1.1.1' ],
700 silly audit   'get-proto': [ '1.0.1' ],
700 silly audit   gopd: [ '1.2.0' ],
700 silly audit   'has-symbols': [ '1.1.0' ],
700 silly audit   hasown: [ '2.0.2' ],
700 silly audit   'math-intrinsics': [ '1.1.0' ],
700 silly audit   'dunder-proto': [ '1.0.1' ],
700 silly audit   'memory-pager': [ '1.5.0' ],
700 silly audit   'has-flag': [ '3.0.0' ],
700 silly audit   'is-number': [ '7.0.0' ],
700 silly audit   'media-typer': [ '0.3.0' ],
700 silly audit   tr46: [ '5.1.1' ],
700 silly audit   'webidl-conversions': [ '7.0.0' ],
700 silly audit   punycode: [ '2.3.1' ]
700 silly audit }
701 verbose reify failed optional dependency C:\company\defernce app\backend\node_modules\fsevents
702 silly reify mark deleted [ 'C:\\company\\defernce app\\backend\\node_modules\\fsevents' ]
703 http cache punycode@https://registry.npmjs.org/punycode/-/punycode-2.3.1.tgz 0ms (cache hit)
704 http cache webidl-conversions@https://registry.npmjs.org/webidl-conversions/-/webidl-conversions-7.0.0.tgz 0ms (cache hit)
705 http cache tr46@https://registry.npmjs.org/tr46/-/tr46-5.1.1.tgz 0ms (cache hit)
706 http cache media-typer@https://registry.npmjs.org/media-typer/-/media-typer-0.3.0.tgz 0ms (cache hit)
707 http cache has-flag@https://registry.npmjs.org/has-flag/-/has-flag-3.0.0.tgz 0ms (cache hit)
708 http cache memory-pager@https://registry.npmjs.org/memory-pager/-/memory-pager-1.5.0.tgz 0ms (cache hit)
709 http cache dunder-proto@https://registry.npmjs.org/dunder-proto/-/dunder-proto-1.0.1.tgz 0ms (cache hit)
710 http cache is-number@https://registry.npmjs.org/is-number/-/is-number-7.0.0.tgz 0ms (cache hit)
711 http cache math-intrinsics@https://registry.npmjs.org/math-intrinsics/-/math-intrinsics-1.1.0.tgz 0ms (cache hit)
712 http cache has-symbols@https://registry.npmjs.org/has-symbols/-/has-symbols-1.1.0.tgz 0ms (cache hit)
713 http cache hasown@https://registry.npmjs.org/hasown/-/hasown-2.0.2.tgz 0ms (cache hit)
714 http cache get-proto@https://registry.npmjs.org/get-proto/-/get-proto-1.0.1.tgz 0ms (cache hit)
715 http cache es-define-property@https://registry.npmjs.org/es-define-property/-/es-define-property-1.0.1.tgz 0ms (cache hit)
716 http cache gopd@https://registry.npmjs.org/gopd/-/gopd-1.2.0.tgz 0ms (cache hit)
717 http cache call-bind-apply-helpers@https://registry.npmjs.org/call-bind-apply-helpers/-/call-bind-apply-helpers-1.0.2.tgz 0ms (cache hit)
718 http cache function-bind@https://registry.npmjs.org/function-bind/-/function-bind-1.1.2.tgz 0ms (cache hit)
719 http cache es-object-atoms@https://registry.npmjs.org/es-object-atoms/-/es-object-atoms-1.1.1.tgz 0ms (cache hit)
720 http cache call-bound@https://registry.npmjs.org/call-bound/-/call-bound-1.0.4.tgz 0ms (cache hit)
721 http cache get-intrinsic@https://registry.npmjs.org/get-intrinsic/-/get-intrinsic-1.3.0.tgz 0ms (cache hit)
722 http cache side-channel-weakmap@https://registry.npmjs.org/side-channel-weakmap/-/side-channel-weakmap-1.0.2.tgz 0ms (cache hit)
723 http cache side-channel-map@https://registry.npmjs.org/side-channel-map/-/side-channel-map-1.0.1.tgz 1ms (cache hit)
724 http cache object-inspect@https://registry.npmjs.org/object-inspect/-/object-inspect-1.13.4.tgz 0ms (cache hit)
725 http cache side-channel-list@https://registry.npmjs.org/side-channel-list/-/side-channel-list-1.0.0.tgz 0ms (cache hit)
726 http cache side-channel@https://registry.npmjs.org/side-channel/-/side-channel-1.1.0.tgz 0ms (cache hit)
727 http cache forwarded@https://registry.npmjs.org/forwarded/-/forwarded-0.2.0.tgz 0ms (cache hit)
728 http cache ipaddr.js@https://registry.npmjs.org/ipaddr.js/-/ipaddr.js-1.9.1.tgz 0ms (cache hit)
729 http cache es-errors@https://registry.npmjs.org/es-errors/-/es-errors-1.3.0.tgz 0ms (cache hit)
730 http cache mime@https://registry.npmjs.org/mime/-/mime-1.6.0.tgz 0ms (cache hit)
731 http cache ee-first@https://registry.npmjs.org/ee-first/-/ee-first-1.1.1.tgz 0ms (cache hit)
732 http cache balanced-match@https://registry.npmjs.org/balanced-match/-/balanced-match-4.0.4.tgz 0ms (cache hit)
733 http cache brace-expansion@https://registry.npmjs.org/brace-expansion/-/brace-expansion-5.0.5.tgz 0ms (cache hit)
734 http cache binary-extensions@https://registry.npmjs.org/binary-extensions/-/binary-extensions-2.3.0.tgz 0ms (cache hit)
735 http cache is-extglob@https://registry.npmjs.org/is-extglob/-/is-extglob-2.1.1.tgz 0ms (cache hit)
736 http cache picomatch@https://registry.npmjs.org/picomatch/-/picomatch-2.3.2.tgz 0ms (cache hit)
737 http cache readdirp@https://registry.npmjs.org/readdirp/-/readdirp-3.6.0.tgz 0ms (cache hit)
738 http cache fill-range@https://registry.npmjs.org/fill-range/-/fill-range-7.1.1.tgz 0ms (cache hit)
739 http cache to-regex-range@https://registry.npmjs.org/to-regex-range/-/to-regex-range-5.0.1.tgz 0ms (cache hit)
740 http cache normalize-path@https://registry.npmjs.org/normalize-path/-/normalize-path-3.0.0.tgz 0ms (cache hit)
741 http cache is-glob@https://registry.npmjs.org/is-glob/-/is-glob-4.0.3.tgz 0ms (cache hit)
742 http cache braces@https://registry.npmjs.org/braces/-/braces-3.0.3.tgz 0ms (cache hit)
743 http cache glob-parent@https://registry.npmjs.org/glob-parent/-/glob-parent-5.1.2.tgz 0ms (cache hit)
744 http cache anymatch@https://registry.npmjs.org/anymatch/-/anymatch-3.1.3.tgz 0ms (cache hit)
745 http cache is-binary-path@https://registry.npmjs.org/is-binary-path/-/is-binary-path-2.1.0.tgz 0ms (cache hit)
746 http cache undefsafe@https://registry.npmjs.org/undefsafe/-/undefsafe-2.0.5.tgz 0ms (cache hit)
747 http cache touch@https://registry.npmjs.org/touch/-/touch-3.1.1.tgz 0ms (cache hit)
748 http cache simple-update-notifier@https://registry.npmjs.org/simple-update-notifier/-/simple-update-notifier-2.0.0.tgz 0ms (cache hit)
749 http cache semver@https://registry.npmjs.org/semver/-/semver-7.7.4.tgz 0ms (cache hit)
750 http cache supports-color@https://registry.npmjs.org/supports-color/-/supports-color-5.5.0.tgz 0ms (cache hit)
751 http cache pstree.remy@https://registry.npmjs.org/pstree.remy/-/pstree.remy-1.1.8.tgz 0ms (cache hit)
752 http cache ignore-by-default@https://registry.npmjs.org/ignore-by-default/-/ignore-by-default-1.0.1.tgz 0ms (cache hit)
753 http cache minimatch@https://registry.npmjs.org/minimatch/-/minimatch-10.2.4.tgz 0ms (cache hit)
754 http cache chokidar@https://registry.npmjs.org/chokidar/-/chokidar-3.6.0.tgz 0ms (cache hit)
755 http cache whatwg-url@https://registry.npmjs.org/whatwg-url/-/whatwg-url-14.2.0.tgz 0ms (cache hit)
756 http cache @types/webidl-conversions@https://registry.npmjs.org/@types/webidl-conversions/-/webidl-conversions-7.0.3.tgz 0ms (cache hit)
757 http cache sparse-bitfield@https://registry.npmjs.org/sparse-bitfield/-/sparse-bitfield-3.0.3.tgz 0ms (cache hit)
758 http cache sift@https://registry.npmjs.org/sift/-/sift-17.1.3.tgz 0ms (cache hit)
759 http cache @types/whatwg-url@https://registry.npmjs.org/@types/whatwg-url/-/whatwg-url-11.0.5.tgz 0ms (cache hit)
760 http cache mongodb-connection-string-url@https://registry.npmjs.org/mongodb-connection-string-url/-/mongodb-connection-string-url-3.0.2.tgz 0ms (cache hit)
761 http cache mongodb@https://registry.npmjs.org/mongodb/-/mongodb-6.20.0.tgz 0ms (cache hit)
762 http cache @mongodb-js/saslprep@https://registry.npmjs.org/@mongodb-js/saslprep/-/saslprep-1.4.6.tgz 0ms (cache hit)
763 http cache mquery@https://registry.npmjs.org/mquery/-/mquery-5.0.0.tgz 0ms (cache hit)
764 http cache mpath@https://registry.npmjs.org/mpath/-/mpath-0.9.0.tgz 0ms (cache hit)
765 http cache kareem@https://registry.npmjs.org/kareem/-/kareem-2.6.3.tgz 0ms (cache hit)
766 http cache mime-db@https://registry.npmjs.org/mime-db/-/mime-db-1.52.0.tgz 0ms (cache hit)
767 http cache safer-buffer@https://registry.npmjs.org/safer-buffer/-/safer-buffer-2.1.2.tgz 0ms (cache hit)
768 http cache bson@https://registry.npmjs.org/bson/-/bson-6.10.4.tgz 0ms (cache hit)
769 http cache inherits@https://registry.npmjs.org/inherits/-/inherits-2.0.4.tgz 0ms (cache hit)
770 http cache toidentifier@https://registry.npmjs.org/toidentifier/-/toidentifier-1.0.1.tgz 0ms (cache hit)
771 http cache ms@https://registry.npmjs.org/ms/-/ms-2.0.0.tgz 0ms (cache hit)
772 http cache raw-body@https://registry.npmjs.org/raw-body/-/raw-body-2.5.3.tgz 0ms (cache hit)
773 http cache destroy@https://registry.npmjs.org/destroy/-/destroy-1.2.0.tgz 0ms (cache hit)
774 http cache iconv-lite@https://registry.npmjs.org/iconv-lite/-/iconv-lite-0.4.24.tgz 0ms (cache hit)
775 http cache unpipe@https://registry.npmjs.org/unpipe/-/unpipe-1.0.0.tgz 0ms (cache hit)
776 http cache bytes@https://registry.npmjs.org/bytes/-/bytes-3.1.2.tgz 0ms (cache hit)
777 http cache utils-merge@https://registry.npmjs.org/utils-merge/-/utils-merge-1.0.1.tgz 0ms (cache hit)
778 http cache mime-types@https://registry.npmjs.org/mime-types/-/mime-types-2.1.35.tgz 0ms (cache hit)
779 http cache statuses@https://registry.npmjs.org/statuses/-/statuses-2.0.2.tgz 0ms (cache hit)
780 http cache type-is@https://registry.npmjs.org/type-is/-/type-is-1.6.18.tgz 0ms (cache hit)
781 http cache setprototypeof@https://registry.npmjs.org/setprototypeof/-/setprototypeof-1.2.0.tgz 0ms (cache hit)
782 http cache negotiator@https://registry.npmjs.org/negotiator/-/negotiator-0.6.3.tgz 0ms (cache hit)
783 http cache send@https://registry.npmjs.org/send/-/send-0.19.2.tgz 0ms (cache hit)
784 http cache safe-buffer@https://registry.npmjs.org/safe-buffer/-/safe-buffer-5.2.1.tgz 0ms (cache hit)
785 http cache serve-static@https://registry.npmjs.org/serve-static/-/serve-static-1.16.3.tgz 0ms (cache hit)
786 http cache proxy-addr@https://registry.npmjs.org/proxy-addr/-/proxy-addr-2.0.7.tgz 0ms (cache hit)
787 http cache qs@https://registry.npmjs.org/qs/-/qs-6.14.2.tgz 0ms (cache hit)
788 http cache range-parser@https://registry.npmjs.org/range-parser/-/range-parser-1.2.1.tgz 0ms (cache hit)
789 http cache path-to-regexp@https://registry.npmjs.org/path-to-regexp/-/path-to-regexp-0.1.13.tgz 0ms (cache hit)
790 http cache parseurl@https://registry.npmjs.org/parseurl/-/parseurl-1.3.3.tgz 0ms (cache hit)
791 http cache methods@https://registry.npmjs.org/methods/-/methods-1.1.2.tgz 0ms (cache hit)
792 http cache merge-descriptors@https://registry.npmjs.org/merge-descriptors/-/merge-descriptors-1.0.3.tgz 0ms (cache hit)
793 http cache on-finished@https://registry.npmjs.org/on-finished/-/on-finished-2.4.1.tgz 0ms (cache hit)
794 http cache fresh@https://registry.npmjs.org/fresh/-/fresh-0.5.2.tgz 0ms (cache hit)
795 http cache http-errors@https://registry.npmjs.org/http-errors/-/http-errors-2.0.1.tgz 0ms (cache hit)
796 http cache finalhandler@https://registry.npmjs.org/finalhandler/-/finalhandler-1.3.2.tgz 0ms (cache hit)
797 http cache escape-html@https://registry.npmjs.org/escape-html/-/escape-html-1.0.3.tgz 0ms (cache hit)
798 http cache etag@https://registry.npmjs.org/etag/-/etag-1.8.1.tgz 0ms (cache hit)
799 http cache encodeurl@https://registry.npmjs.org/encodeurl/-/encodeurl-2.0.0.tgz 0ms (cache hit)
800 http cache debug@https://registry.npmjs.org/debug/-/debug-2.6.9.tgz 0ms (cache hit)
801 http cache cookie-signature@https://registry.npmjs.org/cookie-signature/-/cookie-signature-1.0.7.tgz 0ms (cache hit)
802 http cache content-type@https://registry.npmjs.org/content-type/-/content-type-1.0.5.tgz 0ms (cache hit)
803 http cache depd@https://registry.npmjs.org/depd/-/depd-2.0.0.tgz 0ms (cache hit)
804 http cache content-disposition@https://registry.npmjs.org/content-disposition/-/content-disposition-0.5.4.tgz 0ms (cache hit)
805 http cache cookie@https://registry.npmjs.org/cookie/-/cookie-0.7.2.tgz 0ms (cache hit)
806 http cache body-parser@https://registry.npmjs.org/body-parser/-/body-parser-1.20.4.tgz 0ms (cache hit)
807 http cache accepts@https://registry.npmjs.org/accepts/-/accepts-1.3.8.tgz 0ms (cache hit)
808 http cache array-flatten@https://registry.npmjs.org/array-flatten/-/array-flatten-1.1.1.tgz 0ms (cache hit)
809 http cache vary@https://registry.npmjs.org/vary/-/vary-1.1.2.tgz 0ms (cache hit)
810 http cache nodemon@https://registry.npmjs.org/nodemon/-/nodemon-3.1.14.tgz 0ms (cache hit)
811 http cache zod@https://registry.npmjs.org/zod/-/zod-3.25.76.tgz 0ms (cache hit)
812 http cache mongoose@https://registry.npmjs.org/mongoose/-/mongoose-8.23.0.tgz 0ms (cache hit)
813 http cache express@https://registry.npmjs.org/express/-/express-4.22.1.tgz 0ms (cache hit)
814 http cache @google/generative-ai@https://registry.npmjs.org/@google/generative-ai/-/generative-ai-0.24.1.tgz 0ms (cache hit)
815 http cache dotenv@https://registry.npmjs.org/dotenv/-/dotenv-16.6.1.tgz 0ms (cache hit)
816 http cache cors@https://registry.npmjs.org/cors/-/cors-2.8.6.tgz 0ms (cache hit)
817 http cache ms@https://registry.npmjs.org/ms/-/ms-2.1.3.tgz 0ms (cache hit)
818 http cache ms@https://registry.npmjs.org/ms/-/ms-2.1.3.tgz 0ms (cache hit)
819 http cache debug@https://registry.npmjs.org/debug/-/debug-4.4.3.tgz 0ms (cache hit)
820 http cache object-assign@https://registry.npmjs.org/object-assign/-/object-assign-4.1.1.tgz 0ms (cache hit)
821 silly tarball no local data for punycode@https://registry.npmjs.org/punycode/-/punycode-2.3.1.tgz. Extracting by manifest.
822 silly tarball no local data for webidl-conversions@https://registry.npmjs.org/webidl-conversions/-/webidl-conversions-7.0.0.tgz. Extracting by manifest.
823 silly tarball no local data for tr46@https://registry.npmjs.org/tr46/-/tr46-5.1.1.tgz. Extracting by manifest.
824 http cache debug@https://registry.npmjs.org/debug/-/debug-4.4.3.tgz 0ms (cache hit)
825 http cache ms@https://registry.npmjs.org/ms/-/ms-2.1.3.tgz 1ms (cache hit)
826 silly tarball no local data for media-typer@https://registry.npmjs.org/media-typer/-/media-typer-0.3.0.tgz. Extracting by manifest.
827 silly tarball no local data for memory-pager@https://registry.npmjs.org/memory-pager/-/memory-pager-1.5.0.tgz. Extracting by manifest.
828 http cache ms@https://registry.npmjs.org/ms/-/ms-2.1.3.tgz 0ms (cache hit)
829 silly tarball no local data for dunder-proto@https://registry.npmjs.org/dunder-proto/-/dunder-proto-1.0.1.tgz. Extracting by manifest.
830 silly tarball no local data for math-intrinsics@https://registry.npmjs.org/math-intrinsics/-/math-intrinsics-1.1.0.tgz. Extracting by manifest.
831 silly tarball no local data for has-symbols@https://registry.npmjs.org/has-symbols/-/has-symbols-1.1.0.tgz. Extracting by manifest.
832 silly tarball no local data for get-proto@https://registry.npmjs.org/get-proto/-/get-proto-1.0.1.tgz. Extracting by manifest.
833 silly tarball no local data for es-define-property@https://registry.npmjs.org/es-define-property/-/es-define-property-1.0.1.tgz. Extracting by manifest.
834 silly tarball no local data for gopd@https://registry.npmjs.org/gopd/-/gopd-1.2.0.tgz. Extracting by manifest.
835 silly tarball no local data for call-bind-apply-helpers@https://registry.npmjs.org/call-bind-apply-helpers/-/call-bind-apply-helpers-1.0.2.tgz. Extracting by manifest.
836 silly tarball no local data for es-object-atoms@https://registry.npmjs.org/es-object-atoms/-/es-object-atoms-1.1.1.tgz. Extracting by manifest.
837 silly tarball no local data for call-bound@https://registry.npmjs.org/call-bound/-/call-bound-1.0.4.tgz. Extracting by manifest.
838 silly tarball no local data for get-intrinsic@https://registry.npmjs.org/get-intrinsic/-/get-intrinsic-1.3.0.tgz. Extracting by manifest.
839 silly tarball no local data for side-channel-weakmap@https://registry.npmjs.org/side-channel-weakmap/-/side-channel-weakmap-1.0.2.tgz. Extracting by manifest.
840 silly tarball no local data for side-channel-map@https://registry.npmjs.org/side-channel-map/-/side-channel-map-1.0.1.tgz. Extracting by manifest.
841 silly tarball no local data for object-inspect@https://registry.npmjs.org/object-inspect/-/object-inspect-1.13.4.tgz. Extracting by manifest.
842 silly tarball no local data for side-channel-list@https://registry.npmjs.org/side-channel-list/-/side-channel-list-1.0.0.tgz. Extracting by manifest.
843 silly tarball no local data for side-channel@https://registry.npmjs.org/side-channel/-/side-channel-1.1.0.tgz. Extracting by manifest.
844 silly tarball no local data for forwarded@https://registry.npmjs.org/forwarded/-/forwarded-0.2.0.tgz. Extracting by manifest.
845 silly tarball no local data for ipaddr.js@https://registry.npmjs.org/ipaddr.js/-/ipaddr.js-1.9.1.tgz. Extracting by manifest.
846 silly tarball no local data for es-errors@https://registry.npmjs.org/es-errors/-/es-errors-1.3.0.tgz. Extracting by manifest.
847 silly tarball no local data for binary-extensions@https://registry.npmjs.org/binary-extensions/-/binary-extensions-2.3.0.tgz. Extracting by manifest.
848 silly tarball no local data for is-extglob@https://registry.npmjs.org/is-extglob/-/is-extglob-2.1.1.tgz. Extracting by manifest.
849 silly tarball no local data for readdirp@https://registry.npmjs.org/readdirp/-/readdirp-3.6.0.tgz. Extracting by manifest.
850 silly tarball no local data for is-glob@https://registry.npmjs.org/is-glob/-/is-glob-4.0.3.tgz. Extracting by manifest.
851 silly tarball no local data for glob-parent@https://registry.npmjs.org/glob-parent/-/glob-parent-5.1.2.tgz. Extracting by manifest.
852 silly tarball no local data for is-binary-path@https://registry.npmjs.org/is-binary-path/-/is-binary-path-2.1.0.tgz. Extracting by manifest.
853 silly tarball no local data for undefsafe@https://registry.npmjs.org/undefsafe/-/undefsafe-2.0.5.tgz. Extracting by manifest.
854 silly tarball no local data for touch@https://registry.npmjs.org/touch/-/touch-3.1.1.tgz. Extracting by manifest.
855 silly tarball no local data for simple-update-notifier@https://registry.npmjs.org/simple-update-notifier/-/simple-update-notifier-2.0.0.tgz. Extracting by manifest.
856 silly tarball no local data for pstree.remy@https://registry.npmjs.org/pstree.remy/-/pstree.remy-1.1.8.tgz. Extracting by manifest.
857 silly tarball no local data for ignore-by-default@https://registry.npmjs.org/ignore-by-default/-/ignore-by-default-1.0.1.tgz. Extracting by manifest.
858 silly tarball no local data for chokidar@https://registry.npmjs.org/chokidar/-/chokidar-3.6.0.tgz. Extracting by manifest.
859 silly tarball no local data for whatwg-url@https://registry.npmjs.org/whatwg-url/-/whatwg-url-14.2.0.tgz. Extracting by manifest.
860 silly tarball no local data for @types/webidl-conversions@https://registry.npmjs.org/@types/webidl-conversions/-/webidl-conversions-7.0.3.tgz. Extracting by manifest.
861 silly tarball no local data for sparse-bitfield@https://registry.npmjs.org/sparse-bitfield/-/sparse-bitfield-3.0.3.tgz. Extracting by manifest.
862 silly tarball no local data for sift@https://registry.npmjs.org/sift/-/sift-17.1.3.tgz. Extracting by manifest.
863 silly tarball no local data for @types/whatwg-url@https://registry.npmjs.org/@types/whatwg-url/-/whatwg-url-11.0.5.tgz. Extracting by manifest.
864 silly tarball no local data for mongodb-connection-string-url@https://registry.npmjs.org/mongodb-connection-string-url/-/mongodb-connection-string-url-3.0.2.tgz. Extracting by manifest.
865 silly tarball no local data for mongodb@https://registry.npmjs.org/mongodb/-/mongodb-6.20.0.tgz. Extracting by manifest.
866 silly tarball no local data for @mongodb-js/saslprep@https://registry.npmjs.org/@mongodb-js/saslprep/-/saslprep-1.4.6.tgz. Extracting by manifest.
867 silly tarball no local data for mquery@https://registry.npmjs.org/mquery/-/mquery-5.0.0.tgz. Extracting by manifest.
868 silly tarball no local data for mpath@https://registry.npmjs.org/mpath/-/mpath-0.9.0.tgz. Extracting by manifest.
869 silly tarball no local data for kareem@https://registry.npmjs.org/kareem/-/kareem-2.6.3.tgz. Extracting by manifest.
870 silly tarball no local data for safer-buffer@https://registry.npmjs.org/safer-buffer/-/safer-buffer-2.1.2.tgz. Extracting by manifest.
871 silly tarball no local data for bson@https://registry.npmjs.org/bson/-/bson-6.10.4.tgz. Extracting by manifest.
872 silly tarball no local data for raw-body@https://registry.npmjs.org/raw-body/-/raw-body-2.5.3.tgz. Extracting by manifest.
873 silly tarball no local data for iconv-lite@https://registry.npmjs.org/iconv-lite/-/iconv-lite-0.4.24.tgz. Extracting by manifest.
874 silly tarball no local data for type-is@https://registry.npmjs.org/type-is/-/type-is-1.6.18.tgz. Extracting by manifest.
875 silly tarball no local data for proxy-addr@https://registry.npmjs.org/proxy-addr/-/proxy-addr-2.0.7.tgz. Extracting by manifest.
876 silly tarball no local data for qs@https://registry.npmjs.org/qs/-/qs-6.14.2.tgz. Extracting by manifest.
877 silly tarball no local data for path-to-regexp@https://registry.npmjs.org/path-to-regexp/-/path-to-regexp-0.1.13.tgz. Extracting by manifest.
878 silly tarball no local data for methods@https://registry.npmjs.org/methods/-/methods-1.1.2.tgz. Extracting by manifest.
879 silly tarball no local data for merge-descriptors@https://registry.npmjs.org/merge-descriptors/-/merge-descriptors-1.0.3.tgz. Extracting by manifest.
880 silly tarball no local data for finalhandler@https://registry.npmjs.org/finalhandler/-/finalhandler-1.3.2.tgz. Extracting by manifest.
881 silly tarball no local data for cookie-signature@https://registry.npmjs.org/cookie-signature/-/cookie-signature-1.0.7.tgz. Extracting by manifest.
882 silly tarball no local data for content-type@https://registry.npmjs.org/content-type/-/content-type-1.0.5.tgz. Extracting by manifest.
883 silly tarball no local data for content-disposition@https://registry.npmjs.org/content-disposition/-/content-disposition-0.5.4.tgz. Extracting by manifest.
884 silly tarball no local data for cookie@https://registry.npmjs.org/cookie/-/cookie-0.7.2.tgz. Extracting by manifest.
885 silly tarball no local data for body-parser@https://registry.npmjs.org/body-parser/-/body-parser-1.20.4.tgz. Extracting by manifest.
886 silly tarball no local data for array-flatten@https://registry.npmjs.org/array-flatten/-/array-flatten-1.1.1.tgz. Extracting by manifest.
887 silly tarball no local data for nodemon@https://registry.npmjs.org/nodemon/-/nodemon-3.1.14.tgz. Extracting by manifest.
888 silly tarball no local data for mongoose@https://registry.npmjs.org/mongoose/-/mongoose-8.23.0.tgz. Extracting by manifest.
889 silly tarball no local data for express@https://registry.npmjs.org/express/-/express-4.22.1.tgz. Extracting by manifest.
890 silly tarball no local data for @google/generative-ai@https://registry.npmjs.org/@google/generative-ai/-/generative-ai-0.24.1.tgz. Extracting by manifest.
891 silly tarball no local data for dotenv@https://registry.npmjs.org/dotenv/-/dotenv-16.6.1.tgz. Extracting by manifest.
892 silly tarball no local data for cors@https://registry.npmjs.org/cors/-/cors-2.8.6.tgz. Extracting by manifest.
893 silly tarball no local data for object-assign@https://registry.npmjs.org/object-assign/-/object-assign-4.1.1.tgz. Extracting by manifest.
894 http fetch GET 200 https://registry.npmjs.org/punycode/-/punycode-2.3.1.tgz 234ms (cache miss)
895 http fetch GET 200 https://registry.npmjs.org/webidl-conversions/-/webidl-conversions-7.0.0.tgz 238ms (cache miss)
896 http fetch GET 200 https://registry.npmjs.org/memory-pager/-/memory-pager-1.5.0.tgz 305ms (cache miss)
897 http fetch GET 200 https://registry.npmjs.org/media-typer/-/media-typer-0.3.0.tgz 336ms (cache miss)
898 http fetch GET 200 https://registry.npmjs.org/dunder-proto/-/dunder-proto-1.0.1.tgz 386ms (cache miss)
899 http fetch GET 200 https://registry.npmjs.org/has-symbols/-/has-symbols-1.1.0.tgz 408ms (cache miss)
900 http fetch GET 200 https://registry.npmjs.org/es-define-property/-/es-define-property-1.0.1.tgz 427ms (cache miss)
901 http fetch GET 200 https://registry.npmjs.org/get-proto/-/get-proto-1.0.1.tgz 453ms (cache miss)
902 http fetch GET 200 https://registry.npmjs.org/call-bound/-/call-bound-1.0.4.tgz 455ms (cache miss)
903 http fetch GET 200 https://registry.npmjs.org/gopd/-/gopd-1.2.0.tgz 468ms (cache miss)
904 http fetch GET 200 https://registry.npmjs.org/math-intrinsics/-/math-intrinsics-1.1.0.tgz 473ms (cache miss)
905 http fetch GET 200 https://registry.npmjs.org/tr46/-/tr46-5.1.1.tgz 478ms (cache miss)
906 http fetch GET 200 https://registry.npmjs.org/call-bind-apply-helpers/-/call-bind-apply-helpers-1.0.2.tgz 472ms (cache miss)
907 http fetch GET 200 https://registry.npmjs.org/es-object-atoms/-/es-object-atoms-1.1.1.tgz 485ms (cache miss)
908 http fetch GET 200 https://registry.npmjs.org/get-intrinsic/-/get-intrinsic-1.3.0.tgz 514ms (cache miss)
909 http fetch POST 200 https://registry.npmjs.org/-/npm/v1/security/advisories/bulk 609ms
910 silly audit report {}
911 http fetch GET 200 https://registry.npmjs.org/side-channel-weakmap/-/side-channel-weakmap-1.0.2.tgz 538ms (cache miss)
912 http fetch GET 200 https://registry.npmjs.org/side-channel-map/-/side-channel-map-1.0.1.tgz 563ms (cache miss)
913 http fetch GET 200 https://registry.npmjs.org/object-inspect/-/object-inspect-1.13.4.tgz 629ms (cache miss)
914 http fetch GET 200 https://registry.npmjs.org/side-channel-list/-/side-channel-list-1.0.0.tgz 665ms (cache miss)
915 http fetch GET 200 https://registry.npmjs.org/forwarded/-/forwarded-0.2.0.tgz 689ms (cache miss)
916 http fetch GET 200 https://registry.npmjs.org/side-channel/-/side-channel-1.1.0.tgz 690ms (cache miss)
917 http fetch GET 200 https://registry.npmjs.org/ipaddr.js/-/ipaddr.js-1.9.1.tgz 710ms (cache miss)
918 http fetch GET 200 https://registry.npmjs.org/binary-extensions/-/binary-extensions-2.3.0.tgz 712ms (cache miss)
919 http fetch GET 200 https://registry.npmjs.org/is-extglob/-/is-extglob-2.1.1.tgz 721ms (cache miss)
920 http fetch GET 200 https://registry.npmjs.org/es-errors/-/es-errors-1.3.0.tgz 732ms (cache miss)
921 http fetch GET 200 https://registry.npmjs.org/readdirp/-/readdirp-3.6.0.tgz 738ms (cache miss)
922 http fetch GET 200 https://registry.npmjs.org/glob-parent/-/glob-parent-5.1.2.tgz 740ms (cache miss)
923 http fetch GET 200 https://registry.npmjs.org/is-glob/-/is-glob-4.0.3.tgz 745ms (cache miss)
924 http fetch GET 200 https://registry.npmjs.org/is-binary-path/-/is-binary-path-2.1.0.tgz 744ms (cache miss)
925 http fetch GET 200 https://registry.npmjs.org/undefsafe/-/undefsafe-2.0.5.tgz 787ms (cache miss)
926 http fetch GET 200 https://registry.npmjs.org/touch/-/touch-3.1.1.tgz 788ms (cache miss)
927 http fetch GET 200 https://registry.npmjs.org/ignore-by-default/-/ignore-by-default-1.0.1.tgz 788ms (cache miss)
928 http fetch GET 200 https://registry.npmjs.org/@types/webidl-conversions/-/webidl-conversions-7.0.3.tgz 809ms (cache miss)
929 http fetch GET 200 https://registry.npmjs.org/sparse-bitfield/-/sparse-bitfield-3.0.3.tgz 813ms (cache miss)
930 http fetch GET 200 https://registry.npmjs.org/chokidar/-/chokidar-3.6.0.tgz 821ms (cache miss)
931 http fetch GET 200 https://registry.npmjs.org/pstree.remy/-/pstree.remy-1.1.8.tgz 826ms (cache miss)
932 http fetch GET 200 https://registry.npmjs.org/simple-update-notifier/-/simple-update-notifier-2.0.0.tgz 839ms (cache miss)
933 http fetch GET 200 https://registry.npmjs.org/@types/whatwg-url/-/whatwg-url-11.0.5.tgz 837ms (cache miss)
934 http fetch GET 200 https://registry.npmjs.org/whatwg-url/-/whatwg-url-14.2.0.tgz 843ms (cache miss)
935 http fetch GET 200 https://registry.npmjs.org/mongodb-connection-string-url/-/mongodb-connection-string-url-3.0.2.tgz 879ms (cache miss)
936 http fetch GET 200 https://registry.npmjs.org/mquery/-/mquery-5.0.0.tgz 950ms (cache miss)
937 http fetch GET 200 https://registry.npmjs.org/mpath/-/mpath-0.9.0.tgz 992ms (cache miss)
938 http fetch GET 200 https://registry.npmjs.org/kareem/-/kareem-2.6.3.tgz 1000ms (cache miss)
939 http fetch GET 200 https://registry.npmjs.org/safer-buffer/-/safer-buffer-2.1.2.tgz 1001ms (cache miss)
940 http fetch GET 200 https://registry.npmjs.org/raw-body/-/raw-body-2.5.3.tgz 1016ms (cache miss)
941 http fetch GET 200 https://registry.npmjs.org/sift/-/sift-17.1.3.tgz 1061ms (cache miss)
942 http fetch GET 200 https://registry.npmjs.org/proxy-addr/-/proxy-addr-2.0.7.tgz 1144ms (cache miss)
943 http fetch GET 200 https://registry.npmjs.org/type-is/-/type-is-1.6.18.tgz 1160ms (cache miss)
944 http fetch GET 200 https://registry.npmjs.org/path-to-regexp/-/path-to-regexp-0.1.13.tgz 1285ms (cache miss)
945 http fetch GET 200 https://registry.npmjs.org/methods/-/methods-1.1.2.tgz 1483ms (cache miss)
946 http fetch GET 200 https://registry.npmjs.org/finalhandler/-/finalhandler-1.3.2.tgz 1559ms (cache miss)
947 http fetch GET 200 https://registry.npmjs.org/merge-descriptors/-/merge-descriptors-1.0.3.tgz 1594ms (cache miss)
948 http fetch GET 200 https://registry.npmjs.org/content-type/-/content-type-1.0.5.tgz 1589ms (cache miss)
949 http fetch GET 200 https://registry.npmjs.org/cookie-signature/-/cookie-signature-1.0.7.tgz 1590ms (cache miss)
950 http fetch GET 200 https://registry.npmjs.org/content-disposition/-/content-disposition-0.5.4.tgz 1614ms (cache miss)
951 http fetch GET 200 https://registry.npmjs.org/cookie/-/cookie-0.7.2.tgz 1645ms (cache miss)
952 http fetch GET 200 https://registry.npmjs.org/array-flatten/-/array-flatten-1.1.1.tgz 1653ms (cache miss)
953 http fetch GET 200 https://registry.npmjs.org/body-parser/-/body-parser-1.20.4.tgz 1668ms (cache miss)
954 http fetch GET 200 https://registry.npmjs.org/iconv-lite/-/iconv-lite-0.4.24.tgz 1686ms (cache miss)
955 http fetch GET 200 https://registry.npmjs.org/@mongodb-js/saslprep/-/saslprep-1.4.6.tgz 1701ms (cache miss)
956 http fetch GET 200 https://registry.npmjs.org/qs/-/qs-6.14.2.tgz 1728ms (cache miss)
957 http fetch GET 200 https://registry.npmjs.org/cors/-/cors-2.8.6.tgz 1933ms (cache miss)
958 http fetch GET 200 https://registry.npmjs.org/dotenv/-/dotenv-16.6.1.tgz 1951ms (cache miss)
959 http fetch GET 200 https://registry.npmjs.org/express/-/express-4.22.1.tgz 1963ms (cache miss)
960 http fetch GET 200 https://registry.npmjs.org/object-assign/-/object-assign-4.1.1.tgz 1969ms (cache miss)
961 http fetch GET 200 https://registry.npmjs.org/nodemon/-/nodemon-3.1.14.tgz 1975ms (cache miss)
962 http fetch GET 200 https://registry.npmjs.org/@google/generative-ai/-/generative-ai-0.24.1.tgz 2193ms (cache miss)
963 http fetch GET 200 https://registry.npmjs.org/mongodb/-/mongodb-6.20.0.tgz 2784ms (cache miss)
964 http fetch GET 200 https://registry.npmjs.org/mongoose/-/mongoose-8.23.0.tgz 2804ms (cache miss)
965 http fetch GET 200 https://registry.npmjs.org/bson/-/bson-6.10.4.tgz 3047ms (cache miss)
966 silly ADD node_modules/punycode
967 silly ADD node_modules/webidl-conversions
968 silly ADD node_modules/tr46
969 silly ADD node_modules/media-typer
970 silly ADD node_modules/is-number
971 silly ADD node_modules/has-flag
972 silly ADD node_modules/memory-pager
973 silly ADD node_modules/dunder-proto
974 silly ADD node_modules/math-intrinsics
975 silly ADD node_modules/hasown
976 silly ADD node_modules/has-symbols
977 silly ADD node_modules/gopd
978 silly ADD node_modules/get-proto
979 silly ADD node_modules/es-object-atoms
980 silly ADD node_modules/es-define-property
981 silly ADD node_modules/function-bind
982 silly ADD node_modules/call-bind-apply-helpers
983 silly ADD node_modules/get-intrinsic
984 silly ADD node_modules/call-bound
985 silly ADD node_modules/side-channel-weakmap
986 silly ADD node_modules/side-channel-map
987 silly ADD node_modules/side-channel-list
988 silly ADD node_modules/object-inspect
989 silly ADD node_modules/es-errors
990 silly ADD node_modules/mime
991 silly ADD node_modules/side-channel
992 silly ADD node_modules/ipaddr.js
993 silly ADD node_modules/forwarded
994 silly ADD node_modules/ee-first
995 silly ADD node_modules/balanced-match
996 silly ADD node_modules/brace-expansion
997 silly ADD node_modules/is-extglob
998 silly ADD node_modules/binary-extensions
999 silly ADD node_modules/to-regex-range
1000 silly ADD node_modules/fill-range
1001 silly ADD node_modules/picomatch
1002 silly ADD node_modules/readdirp
1003 silly ADD node_modules/normalize-path
1004 silly ADD node_modules/is-glob
1005 silly ADD node_modules/is-binary-path
1006 silly ADD node_modules/glob-parent
1007 silly ADD node_modules/fsevents
1008 silly ADD node_modules/braces
1009 silly ADD node_modules/anymatch
1010 silly ADD node_modules/undefsafe
1011 silly ADD node_modules/touch
1012 silly ADD node_modules/supports-color
1013 silly ADD node_modules/simple-update-notifier
1014 silly ADD node_modules/semver
1015 silly ADD node_modules/pstree.remy
1016 silly ADD node_modules/minimatch
1017 silly ADD node_modules/ignore-by-default
1018 silly ADD node_modules/chokidar
1019 silly ADD node_modules/@types/webidl-conversions
1020 silly ADD node_modules/whatwg-url
1021 silly ADD node_modules/@types/whatwg-url
1022 silly ADD node_modules/sparse-bitfield
1023 silly ADD node_modules/mongodb-connection-string-url
1024 silly ADD node_modules/@mongodb-js/saslprep
1025 silly ADD node_modules/sift
1026 silly ADD node_modules/mquery
1027 silly ADD node_modules/mquery/node_modules/ms
1028 silly ADD node_modules/mquery/node_modules/debug
1029 silly ADD node_modules/mpath
1030 silly ADD node_modules/mongodb
1031 silly ADD node_modules/kareem
1032 silly ADD node_modules/bson
1033 silly ADD node_modules/mime-db
1034 silly ADD node_modules/safer-buffer
1035 silly ADD node_modules/toidentifier
1036 silly ADD node_modules/inherits
1037 silly ADD node_modules/ms
1038 silly ADD node_modules/unpipe
1039 silly ADD node_modules/raw-body
1040 silly ADD node_modules/iconv-lite
1041 silly ADD node_modules/destroy
1042 silly ADD node_modules/bytes
1043 silly ADD node_modules/negotiator
1044 silly ADD node_modules/mime-types
1045 silly ADD node_modules/utils-merge
1046 silly ADD node_modules/type-is
1047 silly ADD node_modules/statuses
1048 silly ADD node_modules/setprototypeof
1049 silly ADD node_modules/serve-static
1050 silly ADD node_modules/send
1051 silly ADD node_modules/send/node_modules/ms
1052 silly ADD node_modules/safe-buffer
1053 silly ADD node_modules/range-parser
1054 silly ADD node_modules/qs
1055 silly ADD node_modules/proxy-addr
1056 silly ADD node_modules/path-to-regexp
1057 silly ADD node_modules/parseurl
1058 silly ADD node_modules/on-finished
1059 silly ADD node_modules/methods
1060 silly ADD node_modules/merge-descriptors
1061 silly ADD node_modules/http-errors
1062 silly ADD node_modules/fresh
1063 silly ADD node_modules/finalhandler
1064 silly ADD node_modules/etag
1065 silly ADD node_modules/escape-html
1066 silly ADD node_modules/encodeurl
1067 silly ADD node_modules/depd
1068 silly ADD node_modules/debug
1069 silly ADD node_modules/cookie-signature
1070 silly ADD node_modules/cookie
1071 silly ADD node_modules/content-type
1072 silly ADD node_modules/content-disposition
1073 silly ADD node_modules/body-parser
1074 silly ADD node_modules/array-flatten
1075 silly ADD node_modules/accepts
1076 silly ADD node_modules/vary
1077 silly ADD node_modules/object-assign
1078 silly ADD node_modules/zod
1079 silly ADD node_modules/nodemon
1080 silly ADD node_modules/nodemon/node_modules/ms
1081 silly ADD node_modules/nodemon/node_modules/debug
1082 silly ADD node_modules/mongoose
1083 silly ADD node_modules/mongoose/node_modules/ms
1084 silly ADD node_modules/express
1085 silly ADD node_modules/dotenv
1086 silly ADD node_modules/cors
1087 silly ADD node_modules/@google/generative-ai
1088 verbose cwd C:\company\defernce app\backend
1089 verbose os Windows_NT 10.0.26200
1090 verbose node v23.8.0
1091 verbose npm  v11.6.0
1092 verbose exit 0
1093 info ok
